<?xml version="1.0" encoding="UTF-8"?>
<testsuite xmlns:xsi="http://www.w3.org/2001/XMLSchema-instance" xsi:noNamespaceSchemaLocation="https://maven.apache.org/surefire/maven-surefire-plugin/xsd/surefire-test-report-3.0.xsd" version="3.0" name="TestSuite" time="28.106" tests="30" errors="0" skipped="0" failures="0">
  <properties>
    <property name="java.specification.version" value="17"/>
    <property name="webdriver.chrome.driver" value="/home/runner/.cache/selenium/chromedriver/linux64/140.0.7339.82/chromedriver"/>
    <property name="sun.jnu.encoding" value="UTF-8"/>
    <property name="java.class.path" value="/home/runner/work/zoetispetscheck/zoetispetscheck/target/test-classes:/home/runner/work/zoetispetscheck/zoetispetscheck/target/classes:/home/runner/.m2/repository/org/seleniumhq/selenium/selenium-java/4.10.0/selenium-java-4.10.0.jar:/home/runner/.m2/repository/org/seleniumhq/selenium/selenium-api/4.10.0/selenium-api-4.10.0.jar:/home/runner/.m2/repository/org/seleniumhq/selenium/selenium-chrome-driver/4.10.0/selenium-chrome-driver-4.10.0.jar:/home/runner/.m2/repository/com/google/auto/service/auto-service-annotations/1.0.1/auto-service-annotations-1.0.1.jar:/home/runner/.m2/repository/com/google/auto/service/auto-service/1.0.1/auto-service-1.0.1.jar:/home/runner/.m2/repository/com/google/auto/auto-common/1.2/auto-common-1.2.jar:/home/runner/.m2/repository/com/google/guava/guava/31.1-jre/guava-31.1-jre.jar:/home/runner/.m2/repository/com/google/guava/failureaccess/1.0.1/failureaccess-1.0.1.jar:/home/runner/.m2/repository/com/google/guava/listenablefuture/9999.0-empty-to-avoid-conflict-with-guava/listenablefuture-9999.0-empty-to-avoid-conflict-with-guava.jar:/home/runner/.m2/repository/com/google/code/findbugs/jsr305/3.0.2/jsr305-3.0.2.jar:/home/runner/.m2/repository/org/checkerframework/checker-qual/3.12.0/checker-qual-3.12.0.jar:/home/runner/.m2/repository/com/google/j2objc/j2objc-annotations/1.3/j2objc-annotations-1.3.jar:/home/runner/.m2/repository/org/seleniumhq/selenium/selenium-chromium-driver/4.10.0/selenium-chromium-driver-4.10.0.jar:/home/runner/.m2/repository/org/seleniumhq/selenium/selenium-json/4.10.0/selenium-json-4.10.0.jar:/home/runner/.m2/repository/org/seleniumhq/selenium/selenium-manager/4.10.0/selenium-manager-4.10.0.jar:/home/runner/.m2/repository/org/seleniumhq/selenium/selenium-devtools-v112/4.10.0/selenium-devtools-v112-4.10.0.jar:/home/runner/.m2/repository/org/seleniumhq/selenium/selenium-devtools-v113/4.10.0/selenium-devtools-v113-4.10.0.jar:/home/runner/.m2/repository/org/seleniumhq/selenium/selenium-devtools-v114/4.10.0/selenium-devtools-v114-4.10.0.jar:/home/runner/.m2/repository/org/seleniumhq/selenium/selenium-devtools-v85/4.10.0/selenium-devtools-v85-4.10.0.jar:/home/runner/.m2/repository/org/seleniumhq/selenium/selenium-edge-driver/4.10.0/selenium-edge-driver-4.10.0.jar:/home/runner/.m2/repository/org/seleniumhq/selenium/selenium-firefox-driver/4.10.0/selenium-firefox-driver-4.10.0.jar:/home/runner/.m2/repository/org/seleniumhq/selenium/selenium-http/4.10.0/selenium-http-4.10.0.jar:/home/runner/.m2/repository/dev/failsafe/failsafe/3.3.1/failsafe-3.3.1.jar:/home/runner/.m2/repository/org/seleniumhq/selenium/selenium-ie-driver/4.10.0/selenium-ie-driver-4.10.0.jar:/home/runner/.m2/repository/org/seleniumhq/selenium/selenium-remote-driver/4.10.0/selenium-remote-driver-4.10.0.jar:/home/runner/.m2/repository/io/netty/netty-buffer/4.1.92.Final/netty-buffer-4.1.92.Final.jar:/home/runner/.m2/repository/io/netty/netty-codec-http/4.1.92.Final/netty-codec-http-4.1.92.Final.jar:/home/runner/.m2/repository/io/netty/netty-codec/4.1.92.Final/netty-codec-4.1.92.Final.jar:/home/runner/.m2/repository/io/netty/netty-handler/4.1.92.Final/netty-handler-4.1.92.Final.jar:/home/runner/.m2/repository/io/netty/netty-common/4.1.92.Final/netty-common-4.1.92.Final.jar:/home/runner/.m2/repository/io/netty/netty-transport-classes-epoll/4.1.92.Final/netty-transport-classes-epoll-4.1.92.Final.jar:/home/runner/.m2/repository/io/netty/netty-transport-classes-kqueue/4.1.92.Final/netty-transport-classes-kqueue-4.1.92.Final.jar:/home/runner/.m2/repository/io/netty/netty-transport-native-epoll/4.1.92.Final/netty-transport-native-epoll-4.1.92.Final.jar:/home/runner/.m2/repository/io/netty/netty-transport-native-kqueue/4.1.92.Final/netty-transport-native-kqueue-4.1.92.Final.jar:/home/runner/.m2/repository/io/netty/netty-transport-native-unix-common/4.1.92.Final/netty-transport-native-unix-common-4.1.92.Final.jar:/home/runner/.m2/repository/io/netty/netty-transport/4.1.92.Final/netty-transport-4.1.92.Final.jar:/home/runner/.m2/repository/io/netty/netty-resolver/4.1.92.Final/netty-resolver-4.1.92.Final.jar:/home/runner/.m2/repository/io/opentelemetry/opentelemetry-api/1.26.0/opentelemetry-api-1.26.0.jar:/home/runner/.m2/repository/io/opentelemetry/opentelemetry-context/1.26.0/opentelemetry-context-1.26.0.jar:/home/runner/.m2/repository/io/opentelemetry/opentelemetry-exporter-logging/1.26.0/opentelemetry-exporter-logging-1.26.0.jar:/home/runner/.m2/repository/io/opentelemetry/opentelemetry-sdk-metrics/1.26.0/opentelemetry-sdk-metrics-1.26.0.jar:/home/runner/.m2/repository/io/opentelemetry/opentelemetry-extension-incubator/1.26.0-alpha/opentelemetry-extension-incubator-1.26.0-alpha.jar:/home/runner/.m2/repository/io/opentelemetry/opentelemetry-sdk-logs/1.26.0-alpha/opentelemetry-sdk-logs-1.26.0-alpha.jar:/home/runner/.m2/repository/io/opentelemetry/opentelemetry-api-logs/1.26.0-alpha/opentelemetry-api-logs-1.26.0-alpha.jar:/home/runner/.m2/repository/io/opentelemetry/opentelemetry-api-events/1.26.0-alpha/opentelemetry-api-events-1.26.0-alpha.jar:/home/runner/.m2/repository/io/opentelemetry/opentelemetry-sdk-common/1.26.0/opentelemetry-sdk-common-1.26.0.jar:/home/runner/.m2/repository/io/opentelemetry/opentelemetry-sdk-extension-autoconfigure-spi/1.26.0/opentelemetry-sdk-extension-autoconfigure-spi-1.26.0.jar:/home/runner/.m2/repository/io/opentelemetry/opentelemetry-sdk-extension-autoconfigure/1.26.0-alpha/opentelemetry-sdk-extension-autoconfigure-1.26.0-alpha.jar:/home/runner/.m2/repository/io/opentelemetry/opentelemetry-sdk-trace/1.26.0/opentelemetry-sdk-trace-1.26.0.jar:/home/runner/.m2/repository/io/opentelemetry/opentelemetry-sdk/1.26.0/opentelemetry-sdk-1.26.0.jar:/home/runner/.m2/repository/io/opentelemetry/opentelemetry-semconv/1.26.0-alpha/opentelemetry-semconv-1.26.0-alpha.jar:/home/runner/.m2/repository/net/bytebuddy/byte-buddy/1.14.4/byte-buddy-1.14.4.jar:/home/runner/.m2/repository/org/apache/commons/commons-exec/1.3/commons-exec-1.3.jar:/home/runner/.m2/repository/org/asynchttpclient/async-http-client/2.12.3/async-http-client-2.12.3.jar:/home/runner/.m2/repository/org/asynchttpclient/async-http-client-netty-utils/2.12.3/async-http-client-netty-utils-2.12.3.jar:/home/runner/.m2/repository/io/netty/netty-codec-socks/4.1.60.Final/netty-codec-socks-4.1.60.Final.jar:/home/runner/.m2/repository/io/netty/netty-handler-proxy/4.1.60.Final/netty-handler-proxy-4.1.60.Final.jar:/home/runner/.m2/repository/io/netty/netty-transport-native-epoll/4.1.60.Final/netty-transport-native-epoll-4.1.60.Final-linux-x86_64.jar:/home/runner/.m2/repository/io/netty/netty-transport-native-kqueue/4.1.60.Final/netty-transport-native-kqueue-4.1.60.Final-osx-x86_64.jar:/home/runner/.m2/repository/com/typesafe/netty/netty-reactive-streams/2.0.4/netty-reactive-streams-2.0.4.jar:/home/runner/.m2/repository/com/sun/activation/jakarta.activation/1.2.2/jakarta.activation-1.2.2.jar:/home/runner/.m2/repository/org/seleniumhq/selenium/selenium-safari-driver/4.10.0/selenium-safari-driver-4.10.0.jar:/home/runner/.m2/repository/org/seleniumhq/selenium/selenium-support/4.10.0/selenium-support-4.10.0.jar:/home/runner/.m2/repository/io/github/bonigarcia/webdrivermanager/6.1.0/webdrivermanager-6.1.0.jar:/home/runner/.m2/repository/org/slf4j/slf4j-api/2.0.17/slf4j-api-2.0.17.jar:/home/runner/.m2/repository/com/google/code/gson/gson/2.13.0/gson-2.13.0.jar:/home/runner/.m2/repository/com/google/errorprone/error_prone_annotations/2.37.0/error_prone_annotations-2.37.0.jar:/home/runner/.m2/repository/com/github/docker-java/docker-java/3.5.0/docker-java-3.5.0.jar:/home/runner/.m2/repository/com/github/docker-java/docker-java-core/3.5.0/docker-java-core-3.5.0.jar:/home/runner/.m2/repository/com/github/docker-java/docker-java-api/3.5.0/docker-java-api-3.5.0.jar:/home/runner/.m2/repository/com/fasterxml/jackson/core/jackson-annotations/2.18.3/jackson-annotations-2.18.3.jar:/home/runner/.m2/repository/com/fasterxml/jackson/core/jackson-databind/2.18.3/jackson-databind-2.18.3.jar:/home/runner/.m2/repository/com/fasterxml/jackson/core/jackson-core/2.18.3/jackson-core-2.18.3.jar:/home/runner/.m2/repository/org/slf4j/jcl-over-slf4j/1.7.30/jcl-over-slf4j-1.7.30.jar:/home/runner/.m2/repository/com/github/docker-java/docker-java-transport-httpclient5/3.5.0/docker-java-transport-httpclient5-3.5.0.jar:/home/runner/.m2/repository/com/github/docker-java/docker-java-transport/3.5.0/docker-java-transport-3.5.0.jar:/home/runner/.m2/repository/net/java/dev/jna/jna/5.17.0/jna-5.17.0.jar:/home/runner/.m2/repository/org/brotli/dec/0.1.2/dec-0.1.2.jar:/home/runner/.m2/repository/org/apache/commons/commons-lang3/3.17.0/commons-lang3-3.17.0.jar:/home/runner/.m2/repository/org/apache/commons/commons-compress/1.27.1/commons-compress-1.27.1.jar:/home/runner/.m2/repository/commons-codec/commons-codec/1.17.1/commons-codec-1.17.1.jar:/home/runner/.m2/repository/commons-io/commons-io/2.16.1/commons-io-2.16.1.jar:/home/runner/.m2/repository/org/apache/httpcomponents/client5/httpclient5/5.4.3/httpclient5-5.4.3.jar:/home/runner/.m2/repository/org/apache/httpcomponents/core5/httpcore5/5.3.4/httpcore5-5.3.4.jar:/home/runner/.m2/repository/org/apache/httpcomponents/core5/httpcore5-h2/5.3.4/httpcore5-h2-5.3.4.jar:/home/runner/.m2/repository/net/java/dev/jna/jna-platform/5.13.0/jna-platform-5.13.0.jar:/home/runner/.m2/repository/org/testng/testng/7.10.2/testng-7.10.2.jar:/home/runner/.m2/repository/com/beust/jcommander/1.82/jcommander-1.82.jar:/home/runner/.m2/repository/org/webjars/jquery/3.7.1/jquery-3.7.1.jar:/home/runner/.m2/repository/com/aventstack/extentreports/5.0.9/extentreports-5.0.9.jar:/home/runner/.m2/repository/io/reactivex/rxjava3/rxjava/3.0.4/rxjava-3.0.4.jar:/home/runner/.m2/repository/org/reactivestreams/reactive-streams/1.0.3/reactive-streams-1.0.3.jar:/home/runner/.m2/repository/org/freemarker/freemarker/2.3.30/freemarker-2.3.30.jar:/home/runner/.m2/repository/org/projectlombok/lombok/1.18.24/lombok-1.18.24.jar:"/>
    <property name="java.vm.vendor" value="Eclipse Adoptium"/>
    <property name="sun.arch.data.model" value="64"/>
    <property name="java.vendor.url" value="https://adoptium.net/"/>
    <property name="user.timezone" value="Etc/UTC"/>
    <property name="os.name" value="Linux"/>
    <property name="java.vm.specification.version" value="17"/>
    <property name="sun.java.launcher" value="SUN_STANDARD"/>
    <property name="sun.boot.library.path" value="/usr/lib/jvm/temurin-17-jdk-amd64/lib"/>
    <property name="sun.java.command" value="/home/runner/work/zoetispetscheck/zoetispetscheck/target/surefire/surefirebooter-20250911054145317_3.jar /home/runner/work/zoetispetscheck/zoetispetscheck/target/surefire 2025-09-11T05-41-45_168-jvmRun1 surefire-20250911054145317_1tmp surefire_0-20250911054145317_2tmp"/>
    <property name="jdk.debug" value="release"/>
    <property name="surefire.test.class.path" value="/home/runner/work/zoetispetscheck/zoetispetscheck/target/test-classes:/home/runner/work/zoetispetscheck/zoetispetscheck/target/classes:/home/runner/.m2/repository/org/seleniumhq/selenium/selenium-java/4.10.0/selenium-java-4.10.0.jar:/home/runner/.m2/repository/org/seleniumhq/selenium/selenium-api/4.10.0/selenium-api-4.10.0.jar:/home/runner/.m2/repository/org/seleniumhq/selenium/selenium-chrome-driver/4.10.0/selenium-chrome-driver-4.10.0.jar:/home/runner/.m2/repository/com/google/auto/service/auto-service-annotations/1.0.1/auto-service-annotations-1.0.1.jar:/home/runner/.m2/repository/com/google/auto/service/auto-service/1.0.1/auto-service-1.0.1.jar:/home/runner/.m2/repository/com/google/auto/auto-common/1.2/auto-common-1.2.jar:/home/runner/.m2/repository/com/google/guava/guava/31.1-jre/guava-31.1-jre.jar:/home/runner/.m2/repository/com/google/guava/failureaccess/1.0.1/failureaccess-1.0.1.jar:/home/runner/.m2/repository/com/google/guava/listenablefuture/9999.0-empty-to-avoid-conflict-with-guava/listenablefuture-9999.0-empty-to-avoid-conflict-with-guava.jar:/home/runner/.m2/repository/com/google/code/findbugs/jsr305/3.0.2/jsr305-3.0.2.jar:/home/runner/.m2/repository/org/checkerframework/checker-qual/3.12.0/checker-qual-3.12.0.jar:/home/runner/.m2/repository/com/google/j2objc/j2objc-annotations/1.3/j2objc-annotations-1.3.jar:/home/runner/.m2/repository/org/seleniumhq/selenium/selenium-chromium-driver/4.10.0/selenium-chromium-driver-4.10.0.jar:/home/runner/.m2/repository/org/seleniumhq/selenium/selenium-json/4.10.0/selenium-json-4.10.0.jar:/home/runner/.m2/repository/org/seleniumhq/selenium/selenium-manager/4.10.0/selenium-manager-4.10.0.jar:/home/runner/.m2/repository/org/seleniumhq/selenium/selenium-devtools-v112/4.10.0/selenium-devtools-v112-4.10.0.jar:/home/runner/.m2/repository/org/seleniumhq/selenium/selenium-devtools-v113/4.10.0/selenium-devtools-v113-4.10.0.jar:/home/runner/.m2/repository/org/seleniumhq/selenium/selenium-devtools-v114/4.10.0/selenium-devtools-v114-4.10.0.jar:/home/runner/.m2/repository/org/seleniumhq/selenium/selenium-devtools-v85/4.10.0/selenium-devtools-v85-4.10.0.jar:/home/runner/.m2/repository/org/seleniumhq/selenium/selenium-edge-driver/4.10.0/selenium-edge-driver-4.10.0.jar:/home/runner/.m2/repository/org/seleniumhq/selenium/selenium-firefox-driver/4.10.0/selenium-firefox-driver-4.10.0.jar:/home/runner/.m2/repository/org/seleniumhq/selenium/selenium-http/4.10.0/selenium-http-4.10.0.jar:/home/runner/.m2/repository/dev/failsafe/failsafe/3.3.1/failsafe-3.3.1.jar:/home/runner/.m2/repository/org/seleniumhq/selenium/selenium-ie-driver/4.10.0/selenium-ie-driver-4.10.0.jar:/home/runner/.m2/repository/org/seleniumhq/selenium/selenium-remote-driver/4.10.0/selenium-remote-driver-4.10.0.jar:/home/runner/.m2/repository/io/netty/netty-buffer/4.1.92.Final/netty-buffer-4.1.92.Final.jar:/home/runner/.m2/repository/io/netty/netty-codec-http/4.1.92.Final/netty-codec-http-4.1.92.Final.jar:/home/runner/.m2/repository/io/netty/netty-codec/4.1.92.Final/netty-codec-4.1.92.Final.jar:/home/runner/.m2/repository/io/netty/netty-handler/4.1.92.Final/netty-handler-4.1.92.Final.jar:/home/runner/.m2/repository/io/netty/netty-common/4.1.92.Final/netty-common-4.1.92.Final.jar:/home/runner/.m2/repository/io/netty/netty-transport-classes-epoll/4.1.92.Final/netty-transport-classes-epoll-4.1.92.Final.jar:/home/runner/.m2/repository/io/netty/netty-transport-classes-kqueue/4.1.92.Final/netty-transport-classes-kqueue-4.1.92.Final.jar:/home/runner/.m2/repository/io/netty/netty-transport-native-epoll/4.1.92.Final/netty-transport-native-epoll-4.1.92.Final.jar:/home/runner/.m2/repository/io/netty/netty-transport-native-kqueue/4.1.92.Final/netty-transport-native-kqueue-4.1.92.Final.jar:/home/runner/.m2/repository/io/netty/netty-transport-native-unix-common/4.1.92.Final/netty-transport-native-unix-common-4.1.92.Final.jar:/home/runner/.m2/repository/io/netty/netty-transport/4.1.92.Final/netty-transport-4.1.92.Final.jar:/home/runner/.m2/repository/io/netty/netty-resolver/4.1.92.Final/netty-resolver-4.1.92.Final.jar:/home/runner/.m2/repository/io/opentelemetry/opentelemetry-api/1.26.0/opentelemetry-api-1.26.0.jar:/home/runner/.m2/repository/io/opentelemetry/opentelemetry-context/1.26.0/opentelemetry-context-1.26.0.jar:/home/runner/.m2/repository/io/opentelemetry/opentelemetry-exporter-logging/1.26.0/opentelemetry-exporter-logging-1.26.0.jar:/home/runner/.m2/repository/io/opentelemetry/opentelemetry-sdk-metrics/1.26.0/opentelemetry-sdk-metrics-1.26.0.jar:/home/runner/.m2/repository/io/opentelemetry/opentelemetry-extension-incubator/1.26.0-alpha/opentelemetry-extension-incubator-1.26.0-alpha.jar:/home/runner/.m2/repository/io/opentelemetry/opentelemetry-sdk-logs/1.26.0-alpha/opentelemetry-sdk-logs-1.26.0-alpha.jar:/home/runner/.m2/repository/io/opentelemetry/opentelemetry-api-logs/1.26.0-alpha/opentelemetry-api-logs-1.26.0-alpha.jar:/home/runner/.m2/repository/io/opentelemetry/opentelemetry-api-events/1.26.0-alpha/opentelemetry-api-events-1.26.0-alpha.jar:/home/runner/.m2/repository/io/opentelemetry/opentelemetry-sdk-common/1.26.0/opentelemetry-sdk-common-1.26.0.jar:/home/runner/.m2/repository/io/opentelemetry/opentelemetry-sdk-extension-autoconfigure-spi/1.26.0/opentelemetry-sdk-extension-autoconfigure-spi-1.26.0.jar:/home/runner/.m2/repository/io/opentelemetry/opentelemetry-sdk-extension-autoconfigure/1.26.0-alpha/opentelemetry-sdk-extension-autoconfigure-1.26.0-alpha.jar:/home/runner/.m2/repository/io/opentelemetry/opentelemetry-sdk-trace/1.26.0/opentelemetry-sdk-trace-1.26.0.jar:/home/runner/.m2/repository/io/opentelemetry/opentelemetry-sdk/1.26.0/opentelemetry-sdk-1.26.0.jar:/home/runner/.m2/repository/io/opentelemetry/opentelemetry-semconv/1.26.0-alpha/opentelemetry-semconv-1.26.0-alpha.jar:/home/runner/.m2/repository/net/bytebuddy/byte-buddy/1.14.4/byte-buddy-1.14.4.jar:/home/runner/.m2/repository/org/apache/commons/commons-exec/1.3/commons-exec-1.3.jar:/home/runner/.m2/repository/org/asynchttpclient/async-http-client/2.12.3/async-http-client-2.12.3.jar:/home/runner/.m2/repository/org/asynchttpclient/async-http-client-netty-utils/2.12.3/async-http-client-netty-utils-2.12.3.jar:/home/runner/.m2/repository/io/netty/netty-codec-socks/4.1.60.Final/netty-codec-socks-4.1.60.Final.jar:/home/runner/.m2/repository/io/netty/netty-handler-proxy/4.1.60.Final/netty-handler-proxy-4.1.60.Final.jar:/home/runner/.m2/repository/io/netty/netty-transport-native-epoll/4.1.60.Final/netty-transport-native-epoll-4.1.60.Final-linux-x86_64.jar:/home/runner/.m2/repository/io/netty/netty-transport-native-kqueue/4.1.60.Final/netty-transport-native-kqueue-4.1.60.Final-osx-x86_64.jar:/home/runner/.m2/repository/com/typesafe/netty/netty-reactive-streams/2.0.4/netty-reactive-streams-2.0.4.jar:/home/runner/.m2/repository/com/sun/activation/jakarta.activation/1.2.2/jakarta.activation-1.2.2.jar:/home/runner/.m2/repository/org/seleniumhq/selenium/selenium-safari-driver/4.10.0/selenium-safari-driver-4.10.0.jar:/home/runner/.m2/repository/org/seleniumhq/selenium/selenium-support/4.10.0/selenium-support-4.10.0.jar:/home/runner/.m2/repository/io/github/bonigarcia/webdrivermanager/6.1.0/webdrivermanager-6.1.0.jar:/home/runner/.m2/repository/org/slf4j/slf4j-api/2.0.17/slf4j-api-2.0.17.jar:/home/runner/.m2/repository/com/google/code/gson/gson/2.13.0/gson-2.13.0.jar:/home/runner/.m2/repository/com/google/errorprone/error_prone_annotations/2.37.0/error_prone_annotations-2.37.0.jar:/home/runner/.m2/repository/com/github/docker-java/docker-java/3.5.0/docker-java-3.5.0.jar:/home/runner/.m2/repository/com/github/docker-java/docker-java-core/3.5.0/docker-java-core-3.5.0.jar:/home/runner/.m2/repository/com/github/docker-java/docker-java-api/3.5.0/docker-java-api-3.5.0.jar:/home/runner/.m2/repository/com/fasterxml/jackson/core/jackson-annotations/2.18.3/jackson-annotations-2.18.3.jar:/home/runner/.m2/repository/com/fasterxml/jackson/core/jackson-databind/2.18.3/jackson-databind-2.18.3.jar:/home/runner/.m2/repository/com/fasterxml/jackson/core/jackson-core/2.18.3/jackson-core-2.18.3.jar:/home/runner/.m2/repository/org/slf4j/jcl-over-slf4j/1.7.30/jcl-over-slf4j-1.7.30.jar:/home/runner/.m2/repository/com/github/docker-java/docker-java-transport-httpclient5/3.5.0/docker-java-transport-httpclient5-3.5.0.jar:/home/runner/.m2/repository/com/github/docker-java/docker-java-transport/3.5.0/docker-java-transport-3.5.0.jar:/home/runner/.m2/repository/net/java/dev/jna/jna/5.17.0/jna-5.17.0.jar:/home/runner/.m2/repository/org/brotli/dec/0.1.2/dec-0.1.2.jar:/home/runner/.m2/repository/org/apache/commons/commons-lang3/3.17.0/commons-lang3-3.17.0.jar:/home/runner/.m2/repository/org/apache/commons/commons-compress/1.27.1/commons-compress-1.27.1.jar:/home/runner/.m2/repository/commons-codec/commons-codec/1.17.1/commons-codec-1.17.1.jar:/home/runner/.m2/repository/commons-io/commons-io/2.16.1/commons-io-2.16.1.jar:/home/runner/.m2/repository/org/apache/httpcomponents/client5/httpclient5/5.4.3/httpclient5-5.4.3.jar:/home/runner/.m2/repository/org/apache/httpcomponents/core5/httpcore5/5.3.4/httpcore5-5.3.4.jar:/home/runner/.m2/repository/org/apache/httpcomponents/core5/httpcore5-h2/5.3.4/httpcore5-h2-5.3.4.jar:/home/runner/.m2/repository/net/java/dev/jna/jna-platform/5.13.0/jna-platform-5.13.0.jar:/home/runner/.m2/repository/org/testng/testng/7.10.2/testng-7.10.2.jar:/home/runner/.m2/repository/com/beust/jcommander/1.82/jcommander-1.82.jar:/home/runner/.m2/repository/org/webjars/jquery/3.7.1/jquery-3.7.1.jar:/home/runner/.m2/repository/com/aventstack/extentreports/5.0.9/extentreports-5.0.9.jar:/home/runner/.m2/repository/io/reactivex/rxjava3/rxjava/3.0.4/rxjava-3.0.4.jar:/home/runner/.m2/repository/org/reactivestreams/reactive-streams/1.0.3/reactive-streams-1.0.3.jar:/home/runner/.m2/repository/org/freemarker/freemarker/2.3.30/freemarker-2.3.30.jar:/home/runner/.m2/repository/org/projectlombok/lombok/1.18.24/lombok-1.18.24.jar:"/>
    <property name="sun.cpu.endian" value="little"/>
    <property name="user.home" value="/home/runner"/>
    <property name="user.language" value="en"/>
    <property name="java.specification.vendor" value="Oracle Corporation"/>
    <property name="java.version.date" value="2025-07-15"/>
    <property name="java.home" value="/usr/lib/jvm/temurin-17-jdk-amd64"/>
    <property name="file.separator" value="/"/>
    <property name="basedir" value="/home/runner/work/zoetispetscheck/zoetispetscheck"/>
    <property name="java.vm.compressedOopsMode" value="Zero based"/>
    <property name="line.separator" value="&#10;"/>
    <property name="java.vm.specification.vendor" value="Oracle Corporation"/>
    <property name="java.specification.name" value="Java Platform API Specification"/>
    <property name="surefire.real.class.path" value="/home/runner/work/zoetispetscheck/zoetispetscheck/target/surefire/surefirebooter-20250911054145317_3.jar"/>
    <property name="sun.management.compiler" value="HotSpot 64-Bit Tiered Compilers"/>
    <property name="java.runtime.version" value="17.0.16+8"/>
    <property name="user.name" value="runner"/>
    <property name="path.separator" value=":"/>
    <property name="os.version" value="6.11.0-1018-azure"/>
    <property name="java.runtime.name" value="OpenJDK Runtime Environment"/>
    <property name="file.encoding" value="UTF-8"/>
    <property name="java.vm.name" value="OpenJDK 64-Bit Server VM"/>
    <property name="java.vendor.version" value="Temurin-17.0.16+8"/>
    <property name="localRepository" value="/home/runner/.m2/repository"/>
    <property name="java.vendor.url.bug" value="https://github.com/adoptium/adoptium-support/issues"/>
    <property name="java.io.tmpdir" value="/tmp"/>
    <property name="java.version" value="17.0.16"/>
    <property name="user.dir" value="/home/runner/work/zoetispetscheck/zoetispetscheck"/>
    <property name="os.arch" value="amd64"/>
    <property name="java.vm.specification.name" value="Java Virtual Machine Specification"/>
    <property name="native.encoding" value="UTF-8"/>
    <property name="java.library.path" value="/usr/java/packages/lib:/usr/lib64:/lib64:/lib:/usr/lib"/>
    <property name="java.vm.info" value="mixed mode, sharing"/>
    <property name="java.vendor" value="Eclipse Adoptium"/>
    <property name="java.vm.version" value="17.0.16+8"/>
    <property name="java.specification.maintenance.version" value="1"/>
    <property name="sun.io.unicode.encoding" value="UnicodeLittle"/>
    <property name="java.class.version" value="61.0"/>
  </properties>
  <testcase name="PracticeDetail[https://www.zoetispets.com/en-gb/, Zoetis Pets UK, UK HOME PAGE](1)" classname="com.zoetispets.Tests" time="1.803">
    <system-out><![CDATA[title = Zoetis Pets UK
]]></system-out>
    <system-err><![CDATA[SLF4J(W): No SLF4J providers were found.
SLF4J(W): Defaulting to no-operation (NOP) logger implementation
SLF4J(W): See https://www.slf4j.org/codes.html#noProviders for further details.
Sep 11, 2025 5:41:49 AM org.openqa.selenium.remote.service.DriverService$Builder getLogOutput
INFO: Driver logs no longer sent to console by default; https://www.selenium.dev/documentation/webdriver/drivers/service/#setting-log-output
Sep 11, 2025 5:41:55 AM org.openqa.selenium.devtools.CdpVersionFinder findNearestMatch
WARNING: Unable to find CDP implementation matching 140
Sep 11, 2025 5:41:55 AM org.openqa.selenium.chromium.ChromiumDriver lambda$new$4
WARNING: Unable to find version of CDP to use for . You may need to include a dependency on a specific version of the CDP using something similar to `org.seleniumhq.selenium:selenium-devtools-v86:4.10.0` where the version ("v86") matches the version of the chromium-based browser you're using and the version number of the artifact is the same as Selenium's.
]]></system-err>
  </testcase>
  <testcase name="PracticeDetail[https://www.zoetispets.com/en-au/, Zoetis Pets AU, AU HOME PAGE](2)" classname="com.zoetispets.Tests" time="0.341">
    <system-out><![CDATA[title = Zoetis Pets AU
]]></system-out>
  </testcase>
  <testcase name="PracticeDetail[https://www.zoetispets.com/de-de/, Zoetis Pets DE, DE HOME PAGE](3)" classname="com.zoetispets.Tests" time="0.353">
    <system-out><![CDATA[title = Zoetis Pets DE
]]></system-out>
  </testcase>
  <testcase name="PracticeDetail[https://www.zoetispets.com/it-it/, Zoetis Pets IT, IT HOME PAGE](4)" classname="com.zoetispets.Tests" time="0.353">
    <system-out><![CDATA[title = Zoetis Pets IT
]]></system-out>
  </testcase>
  <testcase name="PracticeDetail[https://www.zoetispets.com/es-es/, Zoetis Pets ES, ES HOME PAGE](5)" classname="com.zoetispets.Tests" time="0.303">
    <system-out><![CDATA[title = Zoetis Pets ES
]]></system-out>
  </testcase>
  <testcase name="PracticeDetail[https://www.zoetispets.com/pl-pl/, Zoetis Pets PL, PL HOME PAGE](6)" classname="com.zoetispets.Tests" time="0.304">
    <system-out><![CDATA[title = Zoetis Pets PL
]]></system-out>
  </testcase>
  <testcase name="PracticeDetail[https://www.zoetispets.com/en-ca/, Zoetis Pets CA, CA-EN HOME PAGE](7)" classname="com.zoetispets.Tests" time="0.29">
    <system-out><![CDATA[title = Zoetis Pets CA
]]></system-out>
  </testcase>
  <testcase name="PracticeDetail[https://www.zoetispets.com/fr-ca/, Zoetis Pets CA, CA-FR HOME PAGE](8)" classname="com.zoetispets.Tests" time="0.307">
    <system-out><![CDATA[title = Zoetis Pets CA
]]></system-out>
  </testcase>
  <testcase name="PracticeDetail[https://www.zoetispets.com/fr-fr/, Zoetis Pets FR, FR HOME PAGE](9)" classname="com.zoetispets.Tests" time="0.31">
    <system-out><![CDATA[title = Zoetis Pets FR
]]></system-out>
  </testcase>
  <testcase name="PracticeDetail[https://www.zoetispets.com/pt-br/produtos/librela/, Librela® para cães | Zoetis Pets, BR HOME PAGE](10)" classname="com.zoetispets.Tests" time="0.298">
    <system-out><![CDATA[title = Librela® para cães | Zoetis Pets
]]></system-out>
  </testcase>
  <testcase name="PracticeDetail[https://www.zoetispets.com/en-gb/dog-healthcare/arthritis-quiz/, Dog Arthritis Assessment | Zoetis Pets, UK DOG ARTHRTIS ASSESSMENT PAGE](11)" classname="com.zoetispets.Tests" time="0.369">
    <system-out><![CDATA[title = Dog Arthritis Assessment | Zoetis Pets
]]></system-out>
  </testcase>
  <testcase name="PracticeDetail[https://www.zoetispets.com/en-au/dog-healthcare/arthritis-quiz/, Dog Arthritis Assessment | Zoetis Pets, AU DOG ARTHRTIS ASSESSMENT PAGE](12)" classname="com.zoetispets.Tests" time="1.315">
    <system-out><![CDATA[title = Dog Arthritis Assessment | Zoetis Pets
]]></system-out>
  </testcase>
  <testcase name="PracticeDetail[https://www.zoetispets.com/en-ca/dog-healthcare/arthritis-quiz/, Dog Arthritis Assessment | Zoetis Pets, CA-EN DOG ARTHRTIS ASSESSMENT PAGE](13)" classname="com.zoetispets.Tests" time="1.032">
    <system-out><![CDATA[title = Dog Arthritis Assessment | Zoetis Pets
]]></system-out>
  </testcase>
  <testcase name="PracticeDetail[https://www.zoetispets.com/en-gb/cat-healthcare/arthritis-quiz/, Cat Arthritis Assessment | Zoetis Pets, UK CAT ARTHRTIS ASSESSMENT PAGE](14)" classname="com.zoetispets.Tests" time="0.323">
    <system-out><![CDATA[title = Cat Arthritis Assessment | Zoetis Pets
]]></system-out>
  </testcase>
  <testcase name="PracticeDetail[https://www.zoetispets.com/en-au/cat-healthcare/arthritis-quiz/, Cat Arthritis Assessment | Zoetis Pets, AU CAT ARTHRITIS ASSESSMENT PAGE](15)" classname="com.zoetispets.Tests" time="0.909">
    <system-out><![CDATA[title = Cat Arthritis Assessment | Zoetis Pets
]]></system-out>
  </testcase>
  <testcase name="PracticeDetail[https://www.zoetispets.com/en-gb/dog-healthcare/skin-conditions-assessment/, Dog Skin Conditions Assessment | Zoetis Pets, UK SKIN ASSESSMENT PAGE](16)" classname="com.zoetispets.Tests" time="0.331">
    <system-out><![CDATA[title = Dog Skin Conditions Assessment | Zoetis Pets
]]></system-out>
  </testcase>
  <testcase name="PracticeDetail[https://www.zoetispets.com/en-au/dog-healthcare/skin-conditions-assessment/, Dog Skin Conditions Assessment | Zoetis Pets, AU SKIN ASSESSMENT PAGE](17)" classname="com.zoetispets.Tests" time="0.432">
    <system-out><![CDATA[title = Dog Skin Conditions Assessment | Zoetis Pets
]]></system-out>
  </testcase>
  <testcase name="PracticeDetail[https://www.zoetispets.com/en-ca/dog-healthcare/skin-conditions-assessment/, Dog Skin Conditions Assessment | Zoetis Pets, CA SKIN ASSESSMENT PAGE](18)" classname="com.zoetispets.Tests" time="0.474">
    <system-out><![CDATA[title = Dog Skin Conditions Assessment | Zoetis Pets
]]></system-out>
  </testcase>
  <testcase name="PracticeDetail[https://www.zoetispets.com/fr-ca/chien-soins/arthrose-quiz/, Questionnaire sur l’arthrose du chien | Zoetis Pets, CA-FR ARTHRITIS ASSESSMENT PAGE](19)" classname="com.zoetispets.Tests" time="0.505">
    <system-out><![CDATA[title = Questionnaire sur l’arthrose du chien | Zoetis Pets
]]></system-out>
  </testcase>
  <testcase name="PracticeDetail[https://www.zoetispets.com/fr-fr/sante-du-chien/arthrose-quiz/, Évaluation de l’arthrose chez le chien | Zoetis Pets, FR ARTHRITIS ASSESSMENT PAGE](20)" classname="com.zoetispets.Tests" time="0.798">
    <system-out><![CDATA[title = Évaluation de l’arthrose chez le chien | Zoetis Pets
]]></system-out>
  </testcase>
  <testcase name="PracticeDetail[https://www.zoetispets.com/fr-ca/chien-soins/dermatologie-evaluation/, Évaluation de la peau du chien | Zoetis Pets, CA-FR SKIN ASSESSMENT PAGE](21)" classname="com.zoetispets.Tests" time="0.547">
    <system-out><![CDATA[title = Évaluation de la peau du chien | Zoetis Pets
]]></system-out>
  </testcase>
  <testcase name="PracticeDetail[https://www.zoetispets.com/fr-fr/sante-du-chien/dermatologie-evaluation/, Évaluation des problèmes de peau chez le chien | Zoetis Pets, FR SKIN ASSESSMENT PAGE](22)" classname="com.zoetispets.Tests" time="0.513">
    <system-out><![CDATA[title = Évaluation des problèmes de peau chez le chien | Zoetis Pets
]]></system-out>
  </testcase>
  <testcase name="PracticeDetail[https://www.zoetispets.com/de-de/hund-gesundheit/arthrose-quiz/, Online-Test zu Arthrose beim Hund | Zoetis Pets, DE ARTHRITIS ASSESSMENT PAGE](23)" classname="com.zoetispets.Tests" time="0.831">
    <system-out><![CDATA[title = Online-Test zu Arthrose beim Hund | Zoetis Pets
]]></system-out>
  </testcase>
  <testcase name="PracticeDetail[https://www.zoetispets.com/de-de/hund-gesundheit/juckreiz-test/, Hautprobleme beim Hund | Zoetis Pets, DE SKIN ASSESSMENT PAGE](24)" classname="com.zoetispets.Tests" time="0.6">
    <system-out><![CDATA[title = Hautprobleme beim Hund | Zoetis Pets
]]></system-out>
  </testcase>
  <testcase name="PracticeDetail[https://www.zoetispets.com/es-es/perro-salud/artrosis-quiz/, Evaluación de la artrosis en perros | Zoetis Pets, ES ARTHRITIS ASSESSMENT PAGE](25)" classname="com.zoetispets.Tests" time="0.972">
    <system-out><![CDATA[title = Evaluación de la artrosis en perros | Zoetis Pets
]]></system-out>
  </testcase>
  <testcase name="PracticeDetail[https://www.zoetispets.com/es-es/perro-salud/problemas-de-piel-evaluacion/, Evaluación de problemas de la piel en perros | Zoetis Pets, ES SKIN ASSESSMENT PAGE](26)" classname="com.zoetispets.Tests" time="0.507">
    <system-out><![CDATA[title = Evaluación de problemas de la piel en perros | Zoetis Pets
]]></system-out>
  </testcase>
  <testcase name="PracticeDetail[https://www.zoetispets.com/it-it/salute-cane/dolore-articolare-quiz/, Test del dolore articolare nel cane | Zoetis Pets, IT ARTHRITIS ASSESSMENT PAGE](27)" classname="com.zoetispets.Tests" time="0.81">
    <system-out><![CDATA[title = Test del dolore articolare nel cane | Zoetis Pets
]]></system-out>
  </testcase>
  <testcase name="PracticeDetail[https://www.zoetispets.com/it-it/salute-cane/segni-di-problemi-cutanei-risultato/, Test del prurito del cane | Zoetis Pets, IT SKIN ASSESSMENT PAGE](28)" classname="com.zoetispets.Tests" time="0.431">
    <system-out><![CDATA[title = Test del prurito del cane | Zoetis Pets
]]></system-out>
  </testcase>
  <testcase name="PracticeDetail[https://www.zoetispets.com/pl-pl/ochrona-zdrowia-psa/artretyzm-quiz/, Ankieta pod kątem osteoarthritis u psa | Zoetis Pets, PL ARTHRITIS ASSESSMENT PAGE](29)" classname="com.zoetispets.Tests" time="0.345">
    <system-out><![CDATA[title = Ankieta pod kątem osteoarthritis u psa | Zoetis Pets
]]></system-out>
  </testcase>
  <testcase name="PracticeDetail[https://www.zoetispets.com/pl-pl/ochrona-zdrowia-psa/choroby-skory-u-psa-ocena/, Ankieta dotycząca stanu skóry psa | Zoetis Pets, PL SKIN ASSESSMENT PAGE](30)" classname="com.zoetispets.Tests" time="0.428">
    <system-out><![CDATA[title = Ankieta dotycząca stanu skóry psa | Zoetis Pets
]]></system-out>
  </testcase>
</testsuite>