<?xml version="1.0" encoding="UTF-8"?>
<!-- Generated by org.testng.reporters.JUnitReportReporter -->
<testsuite hostname="pkrvmsl9tci6h6u" failures="0" tests="10" name="com.zoetispets.Tests" time="4.574" errors="0" timestamp="2025-08-14T12:49:40 UTC" skipped="0">
  <testcase classname="com.zoetispets.Tests" name="PracticeDetail" time="1.968"/>
  <testcase classname="com.zoetispets.Tests" name="PracticeDetail" time="0.336"/>
  <testcase classname="com.zoetispets.Tests" name="PracticeDetail" time="0.253"/>
  <testcase classname="com.zoetispets.Tests" name="PracticeDetail" time="0.246"/>
  <testcase classname="com.zoetispets.Tests" name="PracticeDetail" time="0.363"/>
  <testcase classname="com.zoetispets.Tests" name="PracticeDetail" time="0.287"/>
  <testcase classname="com.zoetispets.Tests" name="PracticeDetail" time="0.295"/>
  <testcase classname="com.zoetispets.Tests" name="PracticeDetail" time="0.254"/>
  <testcase classname="com.zoetispets.Tests" name="PracticeDetail" time="0.322"/>
  <testcase classname="com.zoetispets.Tests" name="PracticeDetail" time="0.250"/>
</testsuite> <!-- com.zoetispets.Tests -->
