<?xml version="1.0" encoding="UTF-8"?>
<!-- Generated by org.testng.reporters.JUnitReportReporter -->
<testsuite hostname="pkrvmsl9tci6h6u" failures="0" tests="9" name="com.zoetispets.Tests" time="3.961" errors="0" timestamp="2025-08-13T11:54:22 UTC" skipped="0">
  <testcase classname="com.zoetispets.Tests" name="PracticeDetail" time="0.295"/>
  <testcase classname="com.zoetispets.Tests" name="PracticeDetail" time="1.345"/>
  <testcase classname="com.zoetispets.Tests" name="PracticeDetail" time="0.308"/>
  <testcase classname="com.zoetispets.Tests" name="PracticeDetail" time="0.319"/>
  <testcase classname="com.zoetispets.Tests" name="PracticeDetail" time="0.331"/>
  <testcase classname="com.zoetispets.Tests" name="PracticeDetail" time="0.423"/>
  <testcase classname="com.zoetispets.Tests" name="PracticeDetail" time="0.311"/>
  <testcase classname="com.zoetispets.Tests" name="PracticeDetail" time="0.368"/>
  <testcase classname="com.zoetispets.Tests" name="PracticeDetail" time="0.261"/>
</testsuite> <!-- com.zoetispets.Tests -->
