<?xml version="1.0" encoding="UTF-8"?>
<!-- Generated by org.testng.reporters.JUnitReportReporter -->
<testsuite hostname="HUSEYINTURKSOY" failures="0" tests="9" name="com.zoetispets.Tests" time="4.214" errors="0" timestamp="2025-08-13T14:03:17 TRT" skipped="0">
  <testcase classname="com.zoetispets.Tests" name="PracticeDetail" time="0.361"/>
  <testcase classname="com.zoetispets.Tests" name="PracticeDetail" time="0.296"/>
  <testcase classname="com.zoetispets.Tests" name="PracticeDetail" time="0.473"/>
  <testcase classname="com.zoetispets.Tests" name="PracticeDetail" time="0.251"/>
  <testcase classname="com.zoetispets.Tests" name="PracticeDetail" time="0.274"/>
  <testcase classname="com.zoetispets.Tests" name="PracticeDetail" time="0.469"/>
  <testcase classname="com.zoetispets.Tests" name="PracticeDetail" time="1.582"/>
  <testcase classname="com.zoetispets.Tests" name="PracticeDetail" time="0.243"/>
  <testcase classname="com.zoetispets.Tests" name="PracticeDetail" time="0.265"/>
</testsuite> <!-- com.zoetispets.Tests -->
