<?xml version="1.0" encoding="UTF-8"?>
<!-- Generated by org.testng.reporters.JUnitReportReporter -->
<testsuite hostname="runnervmf4ws1" failures="0" tests="30" name="com.zoetispets.Tests" time="37.567" errors="0" timestamp="2025-09-16T05:42:59 UTC" skipped="0">
  <testcase classname="com.zoetispets.Tests" name="PracticeDetail" time="0.907"/>
  <testcase classname="com.zoetispets.Tests" name="PracticeDetail" time="1.052"/>
  <testcase classname="com.zoetispets.Tests" name="PracticeDetail" time="1.130"/>
  <testcase classname="com.zoetispets.Tests" name="PracticeDetail" time="1.660"/>
  <testcase classname="com.zoetispets.Tests" name="PracticeDetail" time="1.261"/>
  <testcase classname="com.zoetispets.Tests" name="PracticeDetail" time="0.320"/>
  <testcase classname="com.zoetispets.Tests" name="PracticeDetail" time="0.501"/>
  <testcase classname="com.zoetispets.Tests" name="PracticeDetail" time="1.218"/>
  <testcase classname="com.zoetispets.Tests" name="PracticeDetail" time="1.079"/>
  <testcase classname="com.zoetispets.Tests" name="PracticeDetail" time="1.107"/>
  <testcase classname="com.zoetispets.Tests" name="PracticeDetail" time="4.259"/>
  <testcase classname="com.zoetispets.Tests" name="PracticeDetail" time="0.438"/>
  <testcase classname="com.zoetispets.Tests" name="PracticeDetail" time="1.142"/>
  <testcase classname="com.zoetispets.Tests" name="PracticeDetail" time="1.287"/>
  <testcase classname="com.zoetispets.Tests" name="PracticeDetail" time="3.991"/>
  <testcase classname="com.zoetispets.Tests" name="PracticeDetail" time="0.989"/>
  <testcase classname="com.zoetispets.Tests" name="PracticeDetail" time="1.100"/>
  <testcase classname="com.zoetispets.Tests" name="PracticeDetail" time="1.093"/>
  <testcase classname="com.zoetispets.Tests" name="PracticeDetail" time="1.255"/>
  <testcase classname="com.zoetispets.Tests" name="PracticeDetail" time="2.518"/>
  <testcase classname="com.zoetispets.Tests" name="PracticeDetail" time="1.317"/>
  <testcase classname="com.zoetispets.Tests" name="PracticeDetail" time="1.183"/>
  <testcase classname="com.zoetispets.Tests" name="PracticeDetail" time="0.440"/>
  <testcase classname="com.zoetispets.Tests" name="PracticeDetail" time="0.977"/>
  <testcase classname="com.zoetispets.Tests" name="PracticeDetail" time="0.416"/>
  <testcase classname="com.zoetispets.Tests" name="PracticeDetail" time="0.981"/>
  <testcase classname="com.zoetispets.Tests" name="PracticeDetail" time="1.213"/>
  <testcase classname="com.zoetispets.Tests" name="PracticeDetail" time="1.142"/>
  <testcase classname="com.zoetispets.Tests" name="PracticeDetail" time="1.256"/>
  <testcase classname="com.zoetispets.Tests" name="PracticeDetail" time="0.335"/>
</testsuite> <!-- com.zoetispets.Tests -->
