<?xml version="1.0" encoding="UTF-8"?>
<!-- Generated by org.testng.reporters.JUnitReportReporter -->
<testsuite hostname="runnervm3ublj" failures="0" tests="30" name="com.zoetispets.Tests" time="16.243" errors="0" timestamp="2025-09-25T05:43:00 UTC" skipped="0">
  <testcase classname="com.zoetispets.Tests" name="PracticeDetail" time="0.321"/>
  <testcase classname="com.zoetispets.Tests" name="PracticeDetail" time="0.288"/>
  <testcase classname="com.zoetispets.Tests" name="PracticeDetail" time="0.345"/>
  <testcase classname="com.zoetispets.Tests" name="PracticeDetail" time="0.263"/>
  <testcase classname="com.zoetispets.Tests" name="PracticeDetail" time="0.894"/>
  <testcase classname="com.zoetispets.Tests" name="PracticeDetail" time="0.385"/>
  <testcase classname="com.zoetispets.Tests" name="PracticeDetail" time="0.439"/>
  <testcase classname="com.zoetispets.Tests" name="PracticeDetail" time="0.376"/>
  <testcase classname="com.zoetispets.Tests" name="PracticeDetail" time="0.880"/>
  <testcase classname="com.zoetispets.Tests" name="PracticeDetail" time="0.419"/>
  <testcase classname="com.zoetispets.Tests" name="PracticeDetail" time="0.480"/>
  <testcase classname="com.zoetispets.Tests" name="PracticeDetail" time="0.332"/>
  <testcase classname="com.zoetispets.Tests" name="PracticeDetail" time="0.425"/>
  <testcase classname="com.zoetispets.Tests" name="PracticeDetail" time="0.349"/>
  <testcase classname="com.zoetispets.Tests" name="PracticeDetail" time="0.535"/>
  <testcase classname="com.zoetispets.Tests" name="PracticeDetail" time="0.383"/>
  <testcase classname="com.zoetispets.Tests" name="PracticeDetail" time="0.384"/>
  <testcase classname="com.zoetispets.Tests" name="PracticeDetail" time="1.601"/>
  <testcase classname="com.zoetispets.Tests" name="PracticeDetail" time="0.507"/>
  <testcase classname="com.zoetispets.Tests" name="PracticeDetail" time="0.502"/>
  <testcase classname="com.zoetispets.Tests" name="PracticeDetail" time="0.387"/>
  <testcase classname="com.zoetispets.Tests" name="PracticeDetail" time="0.491"/>
  <testcase classname="com.zoetispets.Tests" name="PracticeDetail" time="0.939"/>
  <testcase classname="com.zoetispets.Tests" name="PracticeDetail" time="0.324"/>
  <testcase classname="com.zoetispets.Tests" name="PracticeDetail" time="0.410"/>
  <testcase classname="com.zoetispets.Tests" name="PracticeDetail" time="0.303"/>
  <testcase classname="com.zoetispets.Tests" name="PracticeDetail" time="0.290"/>
  <testcase classname="com.zoetispets.Tests" name="PracticeDetail" time="0.409"/>
  <testcase classname="com.zoetispets.Tests" name="PracticeDetail" time="2.192"/>
  <testcase classname="com.zoetispets.Tests" name="PracticeDetail" time="0.390"/>
</testsuite> <!-- com.zoetispets.Tests -->
