<?xml version="1.0" encoding="UTF-8"?>
<!-- Generated by org.testng.reporters.JUnitReportReporter -->
<testsuite hostname="runnervmf4ws1" failures="0" tests="30" name="com.zoetispets.Tests" time="17.836" errors="0" timestamp="2025-09-24T05:42:21 UTC" skipped="0">
  <testcase classname="com.zoetispets.Tests" name="PracticeDetail" time="0.290"/>
  <testcase classname="com.zoetispets.Tests" name="PracticeDetail" time="0.436"/>
  <testcase classname="com.zoetispets.Tests" name="PracticeDetail" time="0.398"/>
  <testcase classname="com.zoetispets.Tests" name="PracticeDetail" time="0.316"/>
  <testcase classname="com.zoetispets.Tests" name="PracticeDetail" time="0.426"/>
  <testcase classname="com.zoetispets.Tests" name="PracticeDetail" time="0.263"/>
  <testcase classname="com.zoetispets.Tests" name="PracticeDetail" time="0.348"/>
  <testcase classname="com.zoetispets.Tests" name="PracticeDetail" time="0.350"/>
  <testcase classname="com.zoetispets.Tests" name="PracticeDetail" time="0.313"/>
  <testcase classname="com.zoetispets.Tests" name="PracticeDetail" time="0.315"/>
  <testcase classname="com.zoetispets.Tests" name="PracticeDetail" time="0.336"/>
  <testcase classname="com.zoetispets.Tests" name="PracticeDetail" time="0.308"/>
  <testcase classname="com.zoetispets.Tests" name="PracticeDetail" time="0.882"/>
  <testcase classname="com.zoetispets.Tests" name="PracticeDetail" time="0.344"/>
  <testcase classname="com.zoetispets.Tests" name="PracticeDetail" time="0.352"/>
  <testcase classname="com.zoetispets.Tests" name="PracticeDetail" time="0.342"/>
  <testcase classname="com.zoetispets.Tests" name="PracticeDetail" time="4.607"/>
  <testcase classname="com.zoetispets.Tests" name="PracticeDetail" time="0.339"/>
  <testcase classname="com.zoetispets.Tests" name="PracticeDetail" time="2.666"/>
  <testcase classname="com.zoetispets.Tests" name="PracticeDetail" time="0.565"/>
  <testcase classname="com.zoetispets.Tests" name="PracticeDetail" time="0.319"/>
  <testcase classname="com.zoetispets.Tests" name="PracticeDetail" time="0.385"/>
  <testcase classname="com.zoetispets.Tests" name="PracticeDetail" time="0.555"/>
  <testcase classname="com.zoetispets.Tests" name="PracticeDetail" time="0.344"/>
  <testcase classname="com.zoetispets.Tests" name="PracticeDetail" time="0.313"/>
  <testcase classname="com.zoetispets.Tests" name="PracticeDetail" time="0.277"/>
  <testcase classname="com.zoetispets.Tests" name="PracticeDetail" time="0.311"/>
  <testcase classname="com.zoetispets.Tests" name="PracticeDetail" time="0.336"/>
  <testcase classname="com.zoetispets.Tests" name="PracticeDetail" time="0.434"/>
  <testcase classname="com.zoetispets.Tests" name="PracticeDetail" time="0.366"/>
</testsuite> <!-- com.zoetispets.Tests -->
