<?xml version="1.0" encoding="UTF-8"?>
<!-- Generated by org.testng.reporters.JUnitReportReporter -->
<testsuite hostname="runnervm3ublj" failures="0" tests="30" name="com.zoetispets.Tests" time="10.839" errors="0" timestamp="2025-10-01T05:42:54 UTC" skipped="0">
  <testcase classname="com.zoetispets.Tests" name="PracticeDetail" time="1.174"/>
  <testcase classname="com.zoetispets.Tests" name="PracticeDetail" time="0.242"/>
  <testcase classname="com.zoetispets.Tests" name="PracticeDetail" time="0.191"/>
  <testcase classname="com.zoetispets.Tests" name="PracticeDetail" time="0.367"/>
  <testcase classname="com.zoetispets.Tests" name="PracticeDetail" time="0.261"/>
  <testcase classname="com.zoetispets.Tests" name="PracticeDetail" time="0.270"/>
  <testcase classname="com.zoetispets.Tests" name="PracticeDetail" time="0.231"/>
  <testcase classname="com.zoetispets.Tests" name="PracticeDetail" time="0.297"/>
  <testcase classname="com.zoetispets.Tests" name="PracticeDetail" time="0.257"/>
  <testcase classname="com.zoetispets.Tests" name="PracticeDetail" time="0.342"/>
  <testcase classname="com.zoetispets.Tests" name="PracticeDetail" time="0.191"/>
  <testcase classname="com.zoetispets.Tests" name="PracticeDetail" time="0.305"/>
  <testcase classname="com.zoetispets.Tests" name="PracticeDetail" time="0.257"/>
  <testcase classname="com.zoetispets.Tests" name="PracticeDetail" time="0.269"/>
  <testcase classname="com.zoetispets.Tests" name="PracticeDetail" time="0.311"/>
  <testcase classname="com.zoetispets.Tests" name="PracticeDetail" time="0.312"/>
  <testcase classname="com.zoetispets.Tests" name="PracticeDetail" time="0.409"/>
  <testcase classname="com.zoetispets.Tests" name="PracticeDetail" time="0.276"/>
  <testcase classname="com.zoetispets.Tests" name="PracticeDetail" time="0.483"/>
  <testcase classname="com.zoetispets.Tests" name="PracticeDetail" time="0.279"/>
  <testcase classname="com.zoetispets.Tests" name="PracticeDetail" time="0.289"/>
  <testcase classname="com.zoetispets.Tests" name="PracticeDetail" time="0.339"/>
  <testcase classname="com.zoetispets.Tests" name="PracticeDetail" time="0.355"/>
  <testcase classname="com.zoetispets.Tests" name="PracticeDetail" time="0.220"/>
  <testcase classname="com.zoetispets.Tests" name="PracticeDetail" time="0.201"/>
  <testcase classname="com.zoetispets.Tests" name="PracticeDetail" time="0.273"/>
  <testcase classname="com.zoetispets.Tests" name="PracticeDetail" time="0.468"/>
  <testcase classname="com.zoetispets.Tests" name="PracticeDetail" time="0.250"/>
  <testcase classname="com.zoetispets.Tests" name="PracticeDetail" time="0.270"/>
  <testcase classname="com.zoetispets.Tests" name="PracticeDetail" time="1.450"/>
</testsuite> <!-- com.zoetispets.Tests -->
