<?xml version="1.0" encoding="UTF-8"?>
<!-- Generated by org.testng.reporters.JUnitReportReporter -->
<testsuite hostname="runnervmf4ws1" failures="0" tests="30" name="com.zoetispets.Tests" time="21.216" errors="0" timestamp="2025-09-20T05:41:59 UTC" skipped="0">
  <testcase classname="com.zoetispets.Tests" name="PracticeDetail" time="0.437"/>
  <testcase classname="com.zoetispets.Tests" name="PracticeDetail" time="0.389"/>
  <testcase classname="com.zoetispets.Tests" name="PracticeDetail" time="0.646"/>
  <testcase classname="com.zoetispets.Tests" name="PracticeDetail" time="1.059"/>
  <testcase classname="com.zoetispets.Tests" name="PracticeDetail" time="0.372"/>
  <testcase classname="com.zoetispets.Tests" name="PracticeDetail" time="0.418"/>
  <testcase classname="com.zoetispets.Tests" name="PracticeDetail" time="0.424"/>
  <testcase classname="com.zoetispets.Tests" name="PracticeDetail" time="0.890"/>
  <testcase classname="com.zoetispets.Tests" name="PracticeDetail" time="0.908"/>
  <testcase classname="com.zoetispets.Tests" name="PracticeDetail" time="0.831"/>
  <testcase classname="com.zoetispets.Tests" name="PracticeDetail" time="0.914"/>
  <testcase classname="com.zoetispets.Tests" name="PracticeDetail" time="0.517"/>
  <testcase classname="com.zoetispets.Tests" name="PracticeDetail" time="0.409"/>
  <testcase classname="com.zoetispets.Tests" name="PracticeDetail" time="0.357"/>
  <testcase classname="com.zoetispets.Tests" name="PracticeDetail" time="0.893"/>
  <testcase classname="com.zoetispets.Tests" name="PracticeDetail" time="0.449"/>
  <testcase classname="com.zoetispets.Tests" name="PracticeDetail" time="0.385"/>
  <testcase classname="com.zoetispets.Tests" name="PracticeDetail" time="0.973"/>
  <testcase classname="com.zoetispets.Tests" name="PracticeDetail" time="1.575"/>
  <testcase classname="com.zoetispets.Tests" name="PracticeDetail" time="0.981"/>
  <testcase classname="com.zoetispets.Tests" name="PracticeDetail" time="0.874"/>
  <testcase classname="com.zoetispets.Tests" name="PracticeDetail" time="1.973"/>
  <testcase classname="com.zoetispets.Tests" name="PracticeDetail" time="1.016"/>
  <testcase classname="com.zoetispets.Tests" name="PracticeDetail" time="0.906"/>
  <testcase classname="com.zoetispets.Tests" name="PracticeDetail" time="0.446"/>
  <testcase classname="com.zoetispets.Tests" name="PracticeDetail" time="0.451"/>
  <testcase classname="com.zoetispets.Tests" name="PracticeDetail" time="0.440"/>
  <testcase classname="com.zoetispets.Tests" name="PracticeDetail" time="0.362"/>
  <testcase classname="com.zoetispets.Tests" name="PracticeDetail" time="0.466"/>
  <testcase classname="com.zoetispets.Tests" name="PracticeDetail" time="0.455"/>
</testsuite> <!-- com.zoetispets.Tests -->
