<?xml version="1.0" encoding="UTF-8"?>
<!-- Generated by org.testng.reporters.JUnitReportReporter -->
<testsuite hostname="pkrvmubgrv54qmi" failures="0" tests="30" name="com.zoetispets.Tests" time="18.570" errors="0" timestamp="2025-08-18T05:49:36 UTC" skipped="0">
  <testcase classname="com.zoetispets.Tests" name="PracticeDetail" time="0.462"/>
  <testcase classname="com.zoetispets.Tests" name="PracticeDetail" time="0.545"/>
  <testcase classname="com.zoetispets.Tests" name="PracticeDetail" time="0.620"/>
  <testcase classname="com.zoetispets.Tests" name="PracticeDetail" time="0.484"/>
  <testcase classname="com.zoetispets.Tests" name="PracticeDetail" time="0.822"/>
  <testcase classname="com.zoetispets.Tests" name="PracticeDetail" time="0.323"/>
  <testcase classname="com.zoetispets.Tests" name="PracticeDetail" time="0.274"/>
  <testcase classname="com.zoetispets.Tests" name="PracticeDetail" time="1.421"/>
  <testcase classname="com.zoetispets.Tests" name="PracticeDetail" time="0.763"/>
  <testcase classname="com.zoetispets.Tests" name="PracticeDetail" time="0.458"/>
  <testcase classname="com.zoetispets.Tests" name="PracticeDetail" time="0.677"/>
  <testcase classname="com.zoetispets.Tests" name="PracticeDetail" time="0.559"/>
  <testcase classname="com.zoetispets.Tests" name="PracticeDetail" time="0.453"/>
  <testcase classname="com.zoetispets.Tests" name="PracticeDetail" time="0.288"/>
  <testcase classname="com.zoetispets.Tests" name="PracticeDetail" time="0.713"/>
  <testcase classname="com.zoetispets.Tests" name="PracticeDetail" time="0.309"/>
  <testcase classname="com.zoetispets.Tests" name="PracticeDetail" time="0.494"/>
  <testcase classname="com.zoetispets.Tests" name="PracticeDetail" time="1.640"/>
  <testcase classname="com.zoetispets.Tests" name="PracticeDetail" time="0.840"/>
  <testcase classname="com.zoetispets.Tests" name="PracticeDetail" time="0.270"/>
  <testcase classname="com.zoetispets.Tests" name="PracticeDetail" time="0.692"/>
  <testcase classname="com.zoetispets.Tests" name="PracticeDetail" time="0.583"/>
  <testcase classname="com.zoetispets.Tests" name="PracticeDetail" time="0.722"/>
  <testcase classname="com.zoetispets.Tests" name="PracticeDetail" time="0.302"/>
  <testcase classname="com.zoetispets.Tests" name="PracticeDetail" time="0.930"/>
  <testcase classname="com.zoetispets.Tests" name="PracticeDetail" time="0.265"/>
  <testcase classname="com.zoetispets.Tests" name="PracticeDetail" time="0.432"/>
  <testcase classname="com.zoetispets.Tests" name="PracticeDetail" time="0.353"/>
  <testcase classname="com.zoetispets.Tests" name="PracticeDetail" time="0.920"/>
  <testcase classname="com.zoetispets.Tests" name="PracticeDetail" time="0.956"/>
</testsuite> <!-- com.zoetispets.Tests -->
