<?xml version="1.0" encoding="UTF-8"?>
<!-- Generated by org.testng.reporters.JUnitReportReporter -->
<testsuite hostname="runnervmf4ws1" failures="0" tests="30" name="com.zoetispets.Tests" time="15.279" errors="0" timestamp="2025-09-10T05:42:02 UTC" skipped="0">
  <testcase classname="com.zoetispets.Tests" name="PracticeDetail" time="0.392"/>
  <testcase classname="com.zoetispets.Tests" name="PracticeDetail" time="0.525"/>
  <testcase classname="com.zoetispets.Tests" name="PracticeDetail" time="0.464"/>
  <testcase classname="com.zoetispets.Tests" name="PracticeDetail" time="0.383"/>
  <testcase classname="com.zoetispets.Tests" name="PracticeDetail" time="0.374"/>
  <testcase classname="com.zoetispets.Tests" name="PracticeDetail" time="0.972"/>
  <testcase classname="com.zoetispets.Tests" name="PracticeDetail" time="0.344"/>
  <testcase classname="com.zoetispets.Tests" name="PracticeDetail" time="0.270"/>
  <testcase classname="com.zoetispets.Tests" name="PracticeDetail" time="0.363"/>
  <testcase classname="com.zoetispets.Tests" name="PracticeDetail" time="0.348"/>
  <testcase classname="com.zoetispets.Tests" name="PracticeDetail" time="0.394"/>
  <testcase classname="com.zoetispets.Tests" name="PracticeDetail" time="0.466"/>
  <testcase classname="com.zoetispets.Tests" name="PracticeDetail" time="1.606"/>
  <testcase classname="com.zoetispets.Tests" name="PracticeDetail" time="0.350"/>
  <testcase classname="com.zoetispets.Tests" name="PracticeDetail" time="0.355"/>
  <testcase classname="com.zoetispets.Tests" name="PracticeDetail" time="0.310"/>
  <testcase classname="com.zoetispets.Tests" name="PracticeDetail" time="0.404"/>
  <testcase classname="com.zoetispets.Tests" name="PracticeDetail" time="0.312"/>
  <testcase classname="com.zoetispets.Tests" name="PracticeDetail" time="0.492"/>
  <testcase classname="com.zoetispets.Tests" name="PracticeDetail" time="1.137"/>
  <testcase classname="com.zoetispets.Tests" name="PracticeDetail" time="0.368"/>
  <testcase classname="com.zoetispets.Tests" name="PracticeDetail" time="0.297"/>
  <testcase classname="com.zoetispets.Tests" name="PracticeDetail" time="0.950"/>
  <testcase classname="com.zoetispets.Tests" name="PracticeDetail" time="0.365"/>
  <testcase classname="com.zoetispets.Tests" name="PracticeDetail" time="0.466"/>
  <testcase classname="com.zoetispets.Tests" name="PracticeDetail" time="0.326"/>
  <testcase classname="com.zoetispets.Tests" name="PracticeDetail" time="1.180"/>
  <testcase classname="com.zoetispets.Tests" name="PracticeDetail" time="0.261"/>
  <testcase classname="com.zoetispets.Tests" name="PracticeDetail" time="0.432"/>
  <testcase classname="com.zoetispets.Tests" name="PracticeDetail" time="0.373"/>
</testsuite> <!-- com.zoetispets.Tests -->
