<?xml version="1.0" encoding="UTF-8"?>
<!-- Generated by org.testng.reporters.JUnitReportReporter -->
<testsuite hostname="pkrvmccyg1gnepe" failures="0" tests="30" name="com.zoetispets.Tests" time="14.442" errors="0" timestamp="2025-08-31T05:42:06 UTC" skipped="0">
  <testcase classname="com.zoetispets.Tests" name="PracticeDetail" time="0.391"/>
  <testcase classname="com.zoetispets.Tests" name="PracticeDetail" time="0.419"/>
  <testcase classname="com.zoetispets.Tests" name="PracticeDetail" time="0.423"/>
  <testcase classname="com.zoetispets.Tests" name="PracticeDetail" time="0.324"/>
  <testcase classname="com.zoetispets.Tests" name="PracticeDetail" time="0.473"/>
  <testcase classname="com.zoetispets.Tests" name="PracticeDetail" time="0.377"/>
  <testcase classname="com.zoetispets.Tests" name="PracticeDetail" time="0.419"/>
  <testcase classname="com.zoetispets.Tests" name="PracticeDetail" time="0.297"/>
  <testcase classname="com.zoetispets.Tests" name="PracticeDetail" time="0.246"/>
  <testcase classname="com.zoetispets.Tests" name="PracticeDetail" time="0.817"/>
  <testcase classname="com.zoetispets.Tests" name="PracticeDetail" time="0.926"/>
  <testcase classname="com.zoetispets.Tests" name="PracticeDetail" time="0.274"/>
  <testcase classname="com.zoetispets.Tests" name="PracticeDetail" time="0.242"/>
  <testcase classname="com.zoetispets.Tests" name="PracticeDetail" time="0.317"/>
  <testcase classname="com.zoetispets.Tests" name="PracticeDetail" time="0.790"/>
  <testcase classname="com.zoetispets.Tests" name="PracticeDetail" time="0.309"/>
  <testcase classname="com.zoetispets.Tests" name="PracticeDetail" time="0.294"/>
  <testcase classname="com.zoetispets.Tests" name="PracticeDetail" time="1.377"/>
  <testcase classname="com.zoetispets.Tests" name="PracticeDetail" time="1.287"/>
  <testcase classname="com.zoetispets.Tests" name="PracticeDetail" time="0.294"/>
  <testcase classname="com.zoetispets.Tests" name="PracticeDetail" time="0.285"/>
  <testcase classname="com.zoetispets.Tests" name="PracticeDetail" time="0.273"/>
  <testcase classname="com.zoetispets.Tests" name="PracticeDetail" time="0.292"/>
  <testcase classname="com.zoetispets.Tests" name="PracticeDetail" time="0.552"/>
  <testcase classname="com.zoetispets.Tests" name="PracticeDetail" time="1.004"/>
  <testcase classname="com.zoetispets.Tests" name="PracticeDetail" time="0.334"/>
  <testcase classname="com.zoetispets.Tests" name="PracticeDetail" time="0.343"/>
  <testcase classname="com.zoetispets.Tests" name="PracticeDetail" time="0.418"/>
  <testcase classname="com.zoetispets.Tests" name="PracticeDetail" time="0.314"/>
  <testcase classname="com.zoetispets.Tests" name="PracticeDetail" time="0.331"/>
</testsuite> <!-- com.zoetispets.Tests -->
