<?xml version="1.0" encoding="UTF-8"?>
<!-- Generated by org.testng.reporters.JUnitReportReporter -->
<testsuite hostname="pkrvmqc4gcfdwos" failures="0" tests="30" name="com.zoetispets.Tests" time="21.938" errors="0" timestamp="2025-08-27T05:43:12 UTC" skipped="0">
  <testcase classname="com.zoetispets.Tests" name="PracticeDetail" time="0.547"/>
  <testcase classname="com.zoetispets.Tests" name="PracticeDetail" time="0.287"/>
  <testcase classname="com.zoetispets.Tests" name="PracticeDetail" time="0.281"/>
  <testcase classname="com.zoetispets.Tests" name="PracticeDetail" time="0.423"/>
  <testcase classname="com.zoetispets.Tests" name="PracticeDetail" time="1.867"/>
  <testcase classname="com.zoetispets.Tests" name="PracticeDetail" time="0.410"/>
  <testcase classname="com.zoetispets.Tests" name="PracticeDetail" time="0.509"/>
  <testcase classname="com.zoetispets.Tests" name="PracticeDetail" time="0.901"/>
  <testcase classname="com.zoetispets.Tests" name="PracticeDetail" time="0.864"/>
  <testcase classname="com.zoetispets.Tests" name="PracticeDetail" time="0.376"/>
  <testcase classname="com.zoetispets.Tests" name="PracticeDetail" time="0.480"/>
  <testcase classname="com.zoetispets.Tests" name="PracticeDetail" time="0.435"/>
  <testcase classname="com.zoetispets.Tests" name="PracticeDetail" time="0.893"/>
  <testcase classname="com.zoetispets.Tests" name="PracticeDetail" time="0.696"/>
  <testcase classname="com.zoetispets.Tests" name="PracticeDetail" time="0.733"/>
  <testcase classname="com.zoetispets.Tests" name="PracticeDetail" time="0.790"/>
  <testcase classname="com.zoetispets.Tests" name="PracticeDetail" time="0.682"/>
  <testcase classname="com.zoetispets.Tests" name="PracticeDetail" time="0.793"/>
  <testcase classname="com.zoetispets.Tests" name="PracticeDetail" time="0.842"/>
  <testcase classname="com.zoetispets.Tests" name="PracticeDetail" time="0.728"/>
  <testcase classname="com.zoetispets.Tests" name="PracticeDetail" time="0.374"/>
  <testcase classname="com.zoetispets.Tests" name="PracticeDetail" time="0.365"/>
  <testcase classname="com.zoetispets.Tests" name="PracticeDetail" time="0.828"/>
  <testcase classname="com.zoetispets.Tests" name="PracticeDetail" time="0.487"/>
  <testcase classname="com.zoetispets.Tests" name="PracticeDetail" time="0.669"/>
  <testcase classname="com.zoetispets.Tests" name="PracticeDetail" time="1.752"/>
  <testcase classname="com.zoetispets.Tests" name="PracticeDetail" time="0.804"/>
  <testcase classname="com.zoetispets.Tests" name="PracticeDetail" time="1.306"/>
  <testcase classname="com.zoetispets.Tests" name="PracticeDetail" time="0.826"/>
  <testcase classname="com.zoetispets.Tests" name="PracticeDetail" time="0.990"/>
</testsuite> <!-- com.zoetispets.Tests -->
