<?xml version="1.0" encoding="UTF-8"?>
<!-- Generated by org.testng.reporters.JUnitReportReporter -->
<testsuite hostname="pkrvmubgrv54qmi" failures="0" tests="30" name="com.zoetispets.Tests" time="14.639" errors="0" timestamp="2025-08-16T05:44:52 UTC" skipped="0">
  <testcase classname="com.zoetispets.Tests" name="PracticeDetail" time="0.340"/>
  <testcase classname="com.zoetispets.Tests" name="PracticeDetail" time="0.466"/>
  <testcase classname="com.zoetispets.Tests" name="PracticeDetail" time="0.412"/>
  <testcase classname="com.zoetispets.Tests" name="PracticeDetail" time="0.435"/>
  <testcase classname="com.zoetispets.Tests" name="PracticeDetail" time="0.390"/>
  <testcase classname="com.zoetispets.Tests" name="PracticeDetail" time="0.300"/>
  <testcase classname="com.zoetispets.Tests" name="PracticeDetail" time="0.332"/>
  <testcase classname="com.zoetispets.Tests" name="PracticeDetail" time="0.368"/>
  <testcase classname="com.zoetispets.Tests" name="PracticeDetail" time="0.423"/>
  <testcase classname="com.zoetispets.Tests" name="PracticeDetail" time="0.443"/>
  <testcase classname="com.zoetispets.Tests" name="PracticeDetail" time="0.599"/>
  <testcase classname="com.zoetispets.Tests" name="PracticeDetail" time="0.686"/>
  <testcase classname="com.zoetispets.Tests" name="PracticeDetail" time="0.458"/>
  <testcase classname="com.zoetispets.Tests" name="PracticeDetail" time="0.373"/>
  <testcase classname="com.zoetispets.Tests" name="PracticeDetail" time="0.808"/>
  <testcase classname="com.zoetispets.Tests" name="PracticeDetail" time="0.308"/>
  <testcase classname="com.zoetispets.Tests" name="PracticeDetail" time="0.420"/>
  <testcase classname="com.zoetispets.Tests" name="PracticeDetail" time="0.322"/>
  <testcase classname="com.zoetispets.Tests" name="PracticeDetail" time="0.417"/>
  <testcase classname="com.zoetispets.Tests" name="PracticeDetail" time="1.652"/>
  <testcase classname="com.zoetispets.Tests" name="PracticeDetail" time="0.382"/>
  <testcase classname="com.zoetispets.Tests" name="PracticeDetail" time="0.430"/>
  <testcase classname="com.zoetispets.Tests" name="PracticeDetail" time="0.283"/>
  <testcase classname="com.zoetispets.Tests" name="PracticeDetail" time="0.391"/>
  <testcase classname="com.zoetispets.Tests" name="PracticeDetail" time="1.502"/>
  <testcase classname="com.zoetispets.Tests" name="PracticeDetail" time="0.321"/>
  <testcase classname="com.zoetispets.Tests" name="PracticeDetail" time="0.415"/>
  <testcase classname="com.zoetispets.Tests" name="PracticeDetail" time="0.282"/>
  <testcase classname="com.zoetispets.Tests" name="PracticeDetail" time="0.365"/>
  <testcase classname="com.zoetispets.Tests" name="PracticeDetail" time="0.316"/>
</testsuite> <!-- com.zoetispets.Tests -->
