<?xml version="1.0" encoding="UTF-8"?>
<!-- Generated by org.testng.reporters.JUnitReportReporter -->
<testsuite hostname="pkrvmubgrv54qmi" failures="0" tests="30" name="com.zoetispets.Tests" time="17.900" errors="0" timestamp="2025-08-20T05:44:26 UTC" skipped="0">
  <testcase classname="com.zoetispets.Tests" name="PracticeDetail" time="0.859"/>
  <testcase classname="com.zoetispets.Tests" name="PracticeDetail" time="0.517"/>
  <testcase classname="com.zoetispets.Tests" name="PracticeDetail" time="0.814"/>
  <testcase classname="com.zoetispets.Tests" name="PracticeDetail" time="0.894"/>
  <testcase classname="com.zoetispets.Tests" name="PracticeDetail" time="0.723"/>
  <testcase classname="com.zoetispets.Tests" name="PracticeDetail" time="0.751"/>
  <testcase classname="com.zoetispets.Tests" name="PracticeDetail" time="0.312"/>
  <testcase classname="com.zoetispets.Tests" name="PracticeDetail" time="0.305"/>
  <testcase classname="com.zoetispets.Tests" name="PracticeDetail" time="0.544"/>
  <testcase classname="com.zoetispets.Tests" name="PracticeDetail" time="1.241"/>
  <testcase classname="com.zoetispets.Tests" name="PracticeDetail" time="0.457"/>
  <testcase classname="com.zoetispets.Tests" name="PracticeDetail" time="0.747"/>
  <testcase classname="com.zoetispets.Tests" name="PracticeDetail" time="0.702"/>
  <testcase classname="com.zoetispets.Tests" name="PracticeDetail" time="0.805"/>
  <testcase classname="com.zoetispets.Tests" name="PracticeDetail" time="0.619"/>
  <testcase classname="com.zoetispets.Tests" name="PracticeDetail" time="0.840"/>
  <testcase classname="com.zoetispets.Tests" name="PracticeDetail" time="0.278"/>
  <testcase classname="com.zoetispets.Tests" name="PracticeDetail" time="0.857"/>
  <testcase classname="com.zoetispets.Tests" name="PracticeDetail" time="1.064"/>
  <testcase classname="com.zoetispets.Tests" name="PracticeDetail" time="0.384"/>
  <testcase classname="com.zoetispets.Tests" name="PracticeDetail" time="0.294"/>
  <testcase classname="com.zoetispets.Tests" name="PracticeDetail" time="0.653"/>
  <testcase classname="com.zoetispets.Tests" name="PracticeDetail" time="0.674"/>
  <testcase classname="com.zoetispets.Tests" name="PracticeDetail" time="0.417"/>
  <testcase classname="com.zoetispets.Tests" name="PracticeDetail" time="0.331"/>
  <testcase classname="com.zoetispets.Tests" name="PracticeDetail" time="0.411"/>
  <testcase classname="com.zoetispets.Tests" name="PracticeDetail" time="0.266"/>
  <testcase classname="com.zoetispets.Tests" name="PracticeDetail" time="0.336"/>
  <testcase classname="com.zoetispets.Tests" name="PracticeDetail" time="0.335"/>
  <testcase classname="com.zoetispets.Tests" name="PracticeDetail" time="0.470"/>
</testsuite> <!-- com.zoetispets.Tests -->
