<?xml version="1.0" encoding="UTF-8"?>
<!-- Generated by org.testng.reporters.JUnitReportReporter -->
<testsuite hostname="pkrvm7jw40e0xgp" failures="0" tests="30" name="com.zoetispets.Tests" time="16.927" errors="0" timestamp="2025-09-03T05:41:42 UTC" skipped="0">
  <testcase classname="com.zoetispets.Tests" name="PracticeDetail" time="0.404"/>
  <testcase classname="com.zoetispets.Tests" name="PracticeDetail" time="0.300"/>
  <testcase classname="com.zoetispets.Tests" name="PracticeDetail" time="0.388"/>
  <testcase classname="com.zoetispets.Tests" name="PracticeDetail" time="2.017"/>
  <testcase classname="com.zoetispets.Tests" name="PracticeDetail" time="0.296"/>
  <testcase classname="com.zoetispets.Tests" name="PracticeDetail" time="0.302"/>
  <testcase classname="com.zoetispets.Tests" name="PracticeDetail" time="0.961"/>
  <testcase classname="com.zoetispets.Tests" name="PracticeDetail" time="0.289"/>
  <testcase classname="com.zoetispets.Tests" name="PracticeDetail" time="0.625"/>
  <testcase classname="com.zoetispets.Tests" name="PracticeDetail" time="0.284"/>
  <testcase classname="com.zoetispets.Tests" name="PracticeDetail" time="0.366"/>
  <testcase classname="com.zoetispets.Tests" name="PracticeDetail" time="0.428"/>
  <testcase classname="com.zoetispets.Tests" name="PracticeDetail" time="0.346"/>
  <testcase classname="com.zoetispets.Tests" name="PracticeDetail" time="0.894"/>
  <testcase classname="com.zoetispets.Tests" name="PracticeDetail" time="0.858"/>
  <testcase classname="com.zoetispets.Tests" name="PracticeDetail" time="0.290"/>
  <testcase classname="com.zoetispets.Tests" name="PracticeDetail" time="0.797"/>
  <testcase classname="com.zoetispets.Tests" name="PracticeDetail" time="0.334"/>
  <testcase classname="com.zoetispets.Tests" name="PracticeDetail" time="0.457"/>
  <testcase classname="com.zoetispets.Tests" name="PracticeDetail" time="0.310"/>
  <testcase classname="com.zoetispets.Tests" name="PracticeDetail" time="0.857"/>
  <testcase classname="com.zoetispets.Tests" name="PracticeDetail" time="0.543"/>
  <testcase classname="com.zoetispets.Tests" name="PracticeDetail" time="0.267"/>
  <testcase classname="com.zoetispets.Tests" name="PracticeDetail" time="0.302"/>
  <testcase classname="com.zoetispets.Tests" name="PracticeDetail" time="0.773"/>
  <testcase classname="com.zoetispets.Tests" name="PracticeDetail" time="0.782"/>
  <testcase classname="com.zoetispets.Tests" name="PracticeDetail" time="0.793"/>
  <testcase classname="com.zoetispets.Tests" name="PracticeDetail" time="0.780"/>
  <testcase classname="com.zoetispets.Tests" name="PracticeDetail" time="0.414"/>
  <testcase classname="com.zoetispets.Tests" name="PracticeDetail" time="0.470"/>
</testsuite> <!-- com.zoetispets.Tests -->
