<?xml version="1.0" encoding="UTF-8"?>
<!-- Generated by org.testng.reporters.JUnitReportReporter -->
<testsuite hostname="pkrvm7jw40e0xgp" failures="0" tests="30" name="com.zoetispets.Tests" time="19.197" errors="0" timestamp="2025-09-04T05:42:02 UTC" skipped="0">
  <testcase classname="com.zoetispets.Tests" name="PracticeDetail" time="0.537"/>
  <testcase classname="com.zoetispets.Tests" name="PracticeDetail" time="0.310"/>
  <testcase classname="com.zoetispets.Tests" name="PracticeDetail" time="0.794"/>
  <testcase classname="com.zoetispets.Tests" name="PracticeDetail" time="0.427"/>
  <testcase classname="com.zoetispets.Tests" name="PracticeDetail" time="0.336"/>
  <testcase classname="com.zoetispets.Tests" name="PracticeDetail" time="0.301"/>
  <testcase classname="com.zoetispets.Tests" name="PracticeDetail" time="1.744"/>
  <testcase classname="com.zoetispets.Tests" name="PracticeDetail" time="1.026"/>
  <testcase classname="com.zoetispets.Tests" name="PracticeDetail" time="0.874"/>
  <testcase classname="com.zoetispets.Tests" name="PracticeDetail" time="1.767"/>
  <testcase classname="com.zoetispets.Tests" name="PracticeDetail" time="0.264"/>
  <testcase classname="com.zoetispets.Tests" name="PracticeDetail" time="0.340"/>
  <testcase classname="com.zoetispets.Tests" name="PracticeDetail" time="0.827"/>
  <testcase classname="com.zoetispets.Tests" name="PracticeDetail" time="0.293"/>
  <testcase classname="com.zoetispets.Tests" name="PracticeDetail" time="0.936"/>
  <testcase classname="com.zoetispets.Tests" name="PracticeDetail" time="0.252"/>
  <testcase classname="com.zoetispets.Tests" name="PracticeDetail" time="0.541"/>
  <testcase classname="com.zoetispets.Tests" name="PracticeDetail" time="0.315"/>
  <testcase classname="com.zoetispets.Tests" name="PracticeDetail" time="0.910"/>
  <testcase classname="com.zoetispets.Tests" name="PracticeDetail" time="0.430"/>
  <testcase classname="com.zoetispets.Tests" name="PracticeDetail" time="0.811"/>
  <testcase classname="com.zoetispets.Tests" name="PracticeDetail" time="0.616"/>
  <testcase classname="com.zoetispets.Tests" name="PracticeDetail" time="0.528"/>
  <testcase classname="com.zoetispets.Tests" name="PracticeDetail" time="0.897"/>
  <testcase classname="com.zoetispets.Tests" name="PracticeDetail" time="0.333"/>
  <testcase classname="com.zoetispets.Tests" name="PracticeDetail" time="0.383"/>
  <testcase classname="com.zoetispets.Tests" name="PracticeDetail" time="0.391"/>
  <testcase classname="com.zoetispets.Tests" name="PracticeDetail" time="0.287"/>
  <testcase classname="com.zoetispets.Tests" name="PracticeDetail" time="0.543"/>
  <testcase classname="com.zoetispets.Tests" name="PracticeDetail" time="1.184"/>
</testsuite> <!-- com.zoetispets.Tests -->
