<?xml version="1.0" encoding="UTF-8"?>
<!-- Generated by org.testng.reporters.JUnitReportReporter -->
<testsuite hostname="pkrvmqc4gcfdwos" failures="0" tests="30" name="com.zoetispets.Tests" time="15.947" errors="0" timestamp="2025-08-21T05:44:29 UTC" skipped="0">
  <testcase classname="com.zoetispets.Tests" name="PracticeDetail" time="0.315"/>
  <testcase classname="com.zoetispets.Tests" name="PracticeDetail" time="0.290"/>
  <testcase classname="com.zoetispets.Tests" name="PracticeDetail" time="0.884"/>
  <testcase classname="com.zoetispets.Tests" name="PracticeDetail" time="1.504"/>
  <testcase classname="com.zoetispets.Tests" name="PracticeDetail" time="0.396"/>
  <testcase classname="com.zoetispets.Tests" name="PracticeDetail" time="0.796"/>
  <testcase classname="com.zoetispets.Tests" name="PracticeDetail" time="0.368"/>
  <testcase classname="com.zoetispets.Tests" name="PracticeDetail" time="0.419"/>
  <testcase classname="com.zoetispets.Tests" name="PracticeDetail" time="0.475"/>
  <testcase classname="com.zoetispets.Tests" name="PracticeDetail" time="0.492"/>
  <testcase classname="com.zoetispets.Tests" name="PracticeDetail" time="1.075"/>
  <testcase classname="com.zoetispets.Tests" name="PracticeDetail" time="0.486"/>
  <testcase classname="com.zoetispets.Tests" name="PracticeDetail" time="0.829"/>
  <testcase classname="com.zoetispets.Tests" name="PracticeDetail" time="0.283"/>
  <testcase classname="com.zoetispets.Tests" name="PracticeDetail" time="0.432"/>
  <testcase classname="com.zoetispets.Tests" name="PracticeDetail" time="0.326"/>
  <testcase classname="com.zoetispets.Tests" name="PracticeDetail" time="0.304"/>
  <testcase classname="com.zoetispets.Tests" name="PracticeDetail" time="0.401"/>
  <testcase classname="com.zoetispets.Tests" name="PracticeDetail" time="1.190"/>
  <testcase classname="com.zoetispets.Tests" name="PracticeDetail" time="0.435"/>
  <testcase classname="com.zoetispets.Tests" name="PracticeDetail" time="0.481"/>
  <testcase classname="com.zoetispets.Tests" name="PracticeDetail" time="0.434"/>
  <testcase classname="com.zoetispets.Tests" name="PracticeDetail" time="0.565"/>
  <testcase classname="com.zoetispets.Tests" name="PracticeDetail" time="0.399"/>
  <testcase classname="com.zoetispets.Tests" name="PracticeDetail" time="0.299"/>
  <testcase classname="com.zoetispets.Tests" name="PracticeDetail" time="0.555"/>
  <testcase classname="com.zoetispets.Tests" name="PracticeDetail" time="0.409"/>
  <testcase classname="com.zoetispets.Tests" name="PracticeDetail" time="0.376"/>
  <testcase classname="com.zoetispets.Tests" name="PracticeDetail" time="0.330"/>
  <testcase classname="com.zoetispets.Tests" name="PracticeDetail" time="0.399"/>
</testsuite> <!-- com.zoetispets.Tests -->
