<?xml version="1.0" encoding="UTF-8"?>
<!-- Generated by org.testng.reporters.JUnitReportReporter -->
<testsuite hostname="runnervmf4ws1" failures="0" tests="30" name="com.zoetispets.Tests" time="18.212" errors="0" timestamp="2025-09-14T05:41:08 UTC" skipped="0">
  <testcase classname="com.zoetispets.Tests" name="PracticeDetail" time="0.565"/>
  <testcase classname="com.zoetispets.Tests" name="PracticeDetail" time="0.439"/>
  <testcase classname="com.zoetispets.Tests" name="PracticeDetail" time="0.468"/>
  <testcase classname="com.zoetispets.Tests" name="PracticeDetail" time="0.352"/>
  <testcase classname="com.zoetispets.Tests" name="PracticeDetail" time="1.131"/>
  <testcase classname="com.zoetispets.Tests" name="PracticeDetail" time="0.445"/>
  <testcase classname="com.zoetispets.Tests" name="PracticeDetail" time="0.242"/>
  <testcase classname="com.zoetispets.Tests" name="PracticeDetail" time="0.510"/>
  <testcase classname="com.zoetispets.Tests" name="PracticeDetail" time="0.974"/>
  <testcase classname="com.zoetispets.Tests" name="PracticeDetail" time="0.310"/>
  <testcase classname="com.zoetispets.Tests" name="PracticeDetail" time="1.250"/>
  <testcase classname="com.zoetispets.Tests" name="PracticeDetail" time="0.417"/>
  <testcase classname="com.zoetispets.Tests" name="PracticeDetail" time="1.047"/>
  <testcase classname="com.zoetispets.Tests" name="PracticeDetail" time="0.306"/>
  <testcase classname="com.zoetispets.Tests" name="PracticeDetail" time="0.338"/>
  <testcase classname="com.zoetispets.Tests" name="PracticeDetail" time="1.845"/>
  <testcase classname="com.zoetispets.Tests" name="PracticeDetail" time="0.326"/>
  <testcase classname="com.zoetispets.Tests" name="PracticeDetail" time="2.047"/>
  <testcase classname="com.zoetispets.Tests" name="PracticeDetail" time="1.115"/>
  <testcase classname="com.zoetispets.Tests" name="PracticeDetail" time="0.430"/>
  <testcase classname="com.zoetispets.Tests" name="PracticeDetail" time="0.273"/>
  <testcase classname="com.zoetispets.Tests" name="PracticeDetail" time="0.456"/>
  <testcase classname="com.zoetispets.Tests" name="PracticeDetail" time="0.571"/>
  <testcase classname="com.zoetispets.Tests" name="PracticeDetail" time="0.299"/>
  <testcase classname="com.zoetispets.Tests" name="PracticeDetail" time="0.330"/>
  <testcase classname="com.zoetispets.Tests" name="PracticeDetail" time="0.289"/>
  <testcase classname="com.zoetispets.Tests" name="PracticeDetail" time="0.422"/>
  <testcase classname="com.zoetispets.Tests" name="PracticeDetail" time="0.298"/>
  <testcase classname="com.zoetispets.Tests" name="PracticeDetail" time="0.309"/>
  <testcase classname="com.zoetispets.Tests" name="PracticeDetail" time="0.408"/>
</testsuite> <!-- com.zoetispets.Tests -->
