<?xml version="1.0" encoding="UTF-8"?>
<!-- Generated by org.testng.reporters.JUnitReportReporter -->
<testsuite hostname="runnervmf4ws1" failures="0" tests="30" name="com.zoetispets.Tests" time="20.341" errors="0" timestamp="2025-09-22T05:42:49 UTC" skipped="0">
  <testcase classname="com.zoetispets.Tests" name="PracticeDetail" time="0.316"/>
  <testcase classname="com.zoetispets.Tests" name="PracticeDetail" time="0.419"/>
  <testcase classname="com.zoetispets.Tests" name="PracticeDetail" time="0.704"/>
  <testcase classname="com.zoetispets.Tests" name="PracticeDetail" time="0.453"/>
  <testcase classname="com.zoetispets.Tests" name="PracticeDetail" time="2.859"/>
  <testcase classname="com.zoetispets.Tests" name="PracticeDetail" time="0.498"/>
  <testcase classname="com.zoetispets.Tests" name="PracticeDetail" time="0.278"/>
  <testcase classname="com.zoetispets.Tests" name="PracticeDetail" time="0.311"/>
  <testcase classname="com.zoetispets.Tests" name="PracticeDetail" time="0.956"/>
  <testcase classname="com.zoetispets.Tests" name="PracticeDetail" time="0.942"/>
  <testcase classname="com.zoetispets.Tests" name="PracticeDetail" time="0.406"/>
  <testcase classname="com.zoetispets.Tests" name="PracticeDetail" time="0.684"/>
  <testcase classname="com.zoetispets.Tests" name="PracticeDetail" time="0.477"/>
  <testcase classname="com.zoetispets.Tests" name="PracticeDetail" time="0.557"/>
  <testcase classname="com.zoetispets.Tests" name="PracticeDetail" time="0.313"/>
  <testcase classname="com.zoetispets.Tests" name="PracticeDetail" time="0.502"/>
  <testcase classname="com.zoetispets.Tests" name="PracticeDetail" time="0.384"/>
  <testcase classname="com.zoetispets.Tests" name="PracticeDetail" time="0.474"/>
  <testcase classname="com.zoetispets.Tests" name="PracticeDetail" time="0.387"/>
  <testcase classname="com.zoetispets.Tests" name="PracticeDetail" time="0.710"/>
  <testcase classname="com.zoetispets.Tests" name="PracticeDetail" time="0.388"/>
  <testcase classname="com.zoetispets.Tests" name="PracticeDetail" time="0.415"/>
  <testcase classname="com.zoetispets.Tests" name="PracticeDetail" time="2.375"/>
  <testcase classname="com.zoetispets.Tests" name="PracticeDetail" time="0.928"/>
  <testcase classname="com.zoetispets.Tests" name="PracticeDetail" time="0.583"/>
  <testcase classname="com.zoetispets.Tests" name="PracticeDetail" time="0.812"/>
  <testcase classname="com.zoetispets.Tests" name="PracticeDetail" time="0.459"/>
  <testcase classname="com.zoetispets.Tests" name="PracticeDetail" time="0.721"/>
  <testcase classname="com.zoetispets.Tests" name="PracticeDetail" time="0.329"/>
  <testcase classname="com.zoetispets.Tests" name="PracticeDetail" time="0.701"/>
</testsuite> <!-- com.zoetispets.Tests -->
