<?xml version="1.0" encoding="UTF-8"?>
<!-- Generated by org.testng.reporters.JUnitReportReporter -->
<testsuite hostname="runnervmf4ws1" failures="0" tests="30" name="com.zoetispets.Tests" time="18.758" errors="0" timestamp="2025-09-18T05:42:08 UTC" skipped="0">
  <testcase classname="com.zoetispets.Tests" name="PracticeDetail" time="0.823"/>
  <testcase classname="com.zoetispets.Tests" name="PracticeDetail" time="0.297"/>
  <testcase classname="com.zoetispets.Tests" name="PracticeDetail" time="0.308"/>
  <testcase classname="com.zoetispets.Tests" name="PracticeDetail" time="0.404"/>
  <testcase classname="com.zoetispets.Tests" name="PracticeDetail" time="0.407"/>
  <testcase classname="com.zoetispets.Tests" name="PracticeDetail" time="0.825"/>
  <testcase classname="com.zoetispets.Tests" name="PracticeDetail" time="0.431"/>
  <testcase classname="com.zoetispets.Tests" name="PracticeDetail" time="0.997"/>
  <testcase classname="com.zoetispets.Tests" name="PracticeDetail" time="0.346"/>
  <testcase classname="com.zoetispets.Tests" name="PracticeDetail" time="0.419"/>
  <testcase classname="com.zoetispets.Tests" name="PracticeDetail" time="0.411"/>
  <testcase classname="com.zoetispets.Tests" name="PracticeDetail" time="0.741"/>
  <testcase classname="com.zoetispets.Tests" name="PracticeDetail" time="0.391"/>
  <testcase classname="com.zoetispets.Tests" name="PracticeDetail" time="0.840"/>
  <testcase classname="com.zoetispets.Tests" name="PracticeDetail" time="0.895"/>
  <testcase classname="com.zoetispets.Tests" name="PracticeDetail" time="0.447"/>
  <testcase classname="com.zoetispets.Tests" name="PracticeDetail" time="0.461"/>
  <testcase classname="com.zoetispets.Tests" name="PracticeDetail" time="1.956"/>
  <testcase classname="com.zoetispets.Tests" name="PracticeDetail" time="0.923"/>
  <testcase classname="com.zoetispets.Tests" name="PracticeDetail" time="0.394"/>
  <testcase classname="com.zoetispets.Tests" name="PracticeDetail" time="0.466"/>
  <testcase classname="com.zoetispets.Tests" name="PracticeDetail" time="0.402"/>
  <testcase classname="com.zoetispets.Tests" name="PracticeDetail" time="0.308"/>
  <testcase classname="com.zoetispets.Tests" name="PracticeDetail" time="0.343"/>
  <testcase classname="com.zoetispets.Tests" name="PracticeDetail" time="0.389"/>
  <testcase classname="com.zoetispets.Tests" name="PracticeDetail" time="0.337"/>
  <testcase classname="com.zoetispets.Tests" name="PracticeDetail" time="0.365"/>
  <testcase classname="com.zoetispets.Tests" name="PracticeDetail" time="1.233"/>
  <testcase classname="com.zoetispets.Tests" name="PracticeDetail" time="0.295"/>
  <testcase classname="com.zoetispets.Tests" name="PracticeDetail" time="1.904"/>
</testsuite> <!-- com.zoetispets.Tests -->
