<?xml version="1.0" encoding="UTF-8"?>
<!-- Generated by org.testng.reporters.JUnitReportReporter -->
<testsuite hostname="runnervm3ublj" failures="0" tests="30" name="com.zoetispets.Tests" time="17.721" errors="0" timestamp="2025-09-26T05:42:12 UTC" skipped="0">
  <testcase classname="com.zoetispets.Tests" name="PracticeDetail" time="0.297"/>
  <testcase classname="com.zoetispets.Tests" name="PracticeDetail" time="0.390"/>
  <testcase classname="com.zoetispets.Tests" name="PracticeDetail" time="0.313"/>
  <testcase classname="com.zoetispets.Tests" name="PracticeDetail" time="0.329"/>
  <testcase classname="com.zoetispets.Tests" name="PracticeDetail" time="0.302"/>
  <testcase classname="com.zoetispets.Tests" name="PracticeDetail" time="0.394"/>
  <testcase classname="com.zoetispets.Tests" name="PracticeDetail" time="0.373"/>
  <testcase classname="com.zoetispets.Tests" name="PracticeDetail" time="0.362"/>
  <testcase classname="com.zoetispets.Tests" name="PracticeDetail" time="0.374"/>
  <testcase classname="com.zoetispets.Tests" name="PracticeDetail" time="0.443"/>
  <testcase classname="com.zoetispets.Tests" name="PracticeDetail" time="0.320"/>
  <testcase classname="com.zoetispets.Tests" name="PracticeDetail" time="0.796"/>
  <testcase classname="com.zoetispets.Tests" name="PracticeDetail" time="0.431"/>
  <testcase classname="com.zoetispets.Tests" name="PracticeDetail" time="0.323"/>
  <testcase classname="com.zoetispets.Tests" name="PracticeDetail" time="0.420"/>
  <testcase classname="com.zoetispets.Tests" name="PracticeDetail" time="0.375"/>
  <testcase classname="com.zoetispets.Tests" name="PracticeDetail" time="0.424"/>
  <testcase classname="com.zoetispets.Tests" name="PracticeDetail" time="2.856"/>
  <testcase classname="com.zoetispets.Tests" name="PracticeDetail" time="0.477"/>
  <testcase classname="com.zoetispets.Tests" name="PracticeDetail" time="0.434"/>
  <testcase classname="com.zoetispets.Tests" name="PracticeDetail" time="0.366"/>
  <testcase classname="com.zoetispets.Tests" name="PracticeDetail" time="3.162"/>
  <testcase classname="com.zoetispets.Tests" name="PracticeDetail" time="0.384"/>
  <testcase classname="com.zoetispets.Tests" name="PracticeDetail" time="0.491"/>
  <testcase classname="com.zoetispets.Tests" name="PracticeDetail" time="0.298"/>
  <testcase classname="com.zoetispets.Tests" name="PracticeDetail" time="0.249"/>
  <testcase classname="com.zoetispets.Tests" name="PracticeDetail" time="0.262"/>
  <testcase classname="com.zoetispets.Tests" name="PracticeDetail" time="0.371"/>
  <testcase classname="com.zoetispets.Tests" name="PracticeDetail" time="1.346"/>
  <testcase classname="com.zoetispets.Tests" name="PracticeDetail" time="0.359"/>
</testsuite> <!-- com.zoetispets.Tests -->
