<?xml version="1.0" encoding="UTF-8"?>
<!-- Generated by org.testng.reporters.JUnitReportReporter -->
<testsuite hostname="pkrvm7jw40e0xgp" failures="0" tests="30" name="com.zoetispets.Tests" time="16.625" errors="0" timestamp="2025-09-05T05:42:24 UTC" skipped="0">
  <testcase classname="com.zoetispets.Tests" name="PracticeDetail" time="0.423"/>
  <testcase classname="com.zoetispets.Tests" name="PracticeDetail" time="0.330"/>
  <testcase classname="com.zoetispets.Tests" name="PracticeDetail" time="1.067"/>
  <testcase classname="com.zoetispets.Tests" name="PracticeDetail" time="0.755"/>
  <testcase classname="com.zoetispets.Tests" name="PracticeDetail" time="0.365"/>
  <testcase classname="com.zoetispets.Tests" name="PracticeDetail" time="0.907"/>
  <testcase classname="com.zoetispets.Tests" name="PracticeDetail" time="1.253"/>
  <testcase classname="com.zoetispets.Tests" name="PracticeDetail" time="0.341"/>
  <testcase classname="com.zoetispets.Tests" name="PracticeDetail" time="0.335"/>
  <testcase classname="com.zoetispets.Tests" name="PracticeDetail" time="0.548"/>
  <testcase classname="com.zoetispets.Tests" name="PracticeDetail" time="0.277"/>
  <testcase classname="com.zoetispets.Tests" name="PracticeDetail" time="0.447"/>
  <testcase classname="com.zoetispets.Tests" name="PracticeDetail" time="0.272"/>
  <testcase classname="com.zoetispets.Tests" name="PracticeDetail" time="0.273"/>
  <testcase classname="com.zoetispets.Tests" name="PracticeDetail" time="0.389"/>
  <testcase classname="com.zoetispets.Tests" name="PracticeDetail" time="0.510"/>
  <testcase classname="com.zoetispets.Tests" name="PracticeDetail" time="0.338"/>
  <testcase classname="com.zoetispets.Tests" name="PracticeDetail" time="1.624"/>
  <testcase classname="com.zoetispets.Tests" name="PracticeDetail" time="0.553"/>
  <testcase classname="com.zoetispets.Tests" name="PracticeDetail" time="0.370"/>
  <testcase classname="com.zoetispets.Tests" name="PracticeDetail" time="0.838"/>
  <testcase classname="com.zoetispets.Tests" name="PracticeDetail" time="0.340"/>
  <testcase classname="com.zoetispets.Tests" name="PracticeDetail" time="0.305"/>
  <testcase classname="com.zoetispets.Tests" name="PracticeDetail" time="0.530"/>
  <testcase classname="com.zoetispets.Tests" name="PracticeDetail" time="0.948"/>
  <testcase classname="com.zoetispets.Tests" name="PracticeDetail" time="0.274"/>
  <testcase classname="com.zoetispets.Tests" name="PracticeDetail" time="0.304"/>
  <testcase classname="com.zoetispets.Tests" name="PracticeDetail" time="0.289"/>
  <testcase classname="com.zoetispets.Tests" name="PracticeDetail" time="0.995"/>
  <testcase classname="com.zoetispets.Tests" name="PracticeDetail" time="0.425"/>
</testsuite> <!-- com.zoetispets.Tests -->
