<?xml version="1.0" encoding="UTF-8"?>
<!-- Generated by org.testng.reporters.JUnitReportReporter -->
<testsuite hostname="pkrvmsl9tci6h6u" failures="0" tests="10" name="com.zoetispets.Tests" time="4.370" errors="0" timestamp="2025-08-14T12:54:49 UTC" skipped="0">
  <testcase classname="com.zoetispets.Tests" name="PracticeDetail" time="1.390"/>
  <testcase classname="com.zoetispets.Tests" name="PracticeDetail" time="0.511"/>
  <testcase classname="com.zoetispets.Tests" name="PracticeDetail" time="0.280"/>
  <testcase classname="com.zoetispets.Tests" name="PracticeDetail" time="0.285"/>
  <testcase classname="com.zoetispets.Tests" name="PracticeDetail" time="0.281"/>
  <testcase classname="com.zoetispets.Tests" name="PracticeDetail" time="0.372"/>
  <testcase classname="com.zoetispets.Tests" name="PracticeDetail" time="0.331"/>
  <testcase classname="com.zoetispets.Tests" name="PracticeDetail" time="0.386"/>
  <testcase classname="com.zoetispets.Tests" name="PracticeDetail" time="0.272"/>
  <testcase classname="com.zoetispets.Tests" name="PracticeDetail" time="0.262"/>
</testsuite> <!-- com.zoetispets.Tests -->
