<?xml version="1.0" encoding="UTF-8"?>
<!-- Generated by org.testng.reporters.JUnitReportReporter -->
<testsuite hostname="pkrvmubgrv54qmi" failures="0" tests="30" name="com.zoetispets.Tests" time="15.002" errors="0" timestamp="2025-08-17T05:45:41 UTC" skipped="0">
  <testcase classname="com.zoetispets.Tests" name="PracticeDetail" time="0.405"/>
  <testcase classname="com.zoetispets.Tests" name="PracticeDetail" time="0.413"/>
  <testcase classname="com.zoetispets.Tests" name="PracticeDetail" time="0.448"/>
  <testcase classname="com.zoetispets.Tests" name="PracticeDetail" time="0.398"/>
  <testcase classname="com.zoetispets.Tests" name="PracticeDetail" time="0.406"/>
  <testcase classname="com.zoetispets.Tests" name="PracticeDetail" time="0.295"/>
  <testcase classname="com.zoetispets.Tests" name="PracticeDetail" time="0.272"/>
  <testcase classname="com.zoetispets.Tests" name="PracticeDetail" time="0.408"/>
  <testcase classname="com.zoetispets.Tests" name="PracticeDetail" time="0.447"/>
  <testcase classname="com.zoetispets.Tests" name="PracticeDetail" time="0.414"/>
  <testcase classname="com.zoetispets.Tests" name="PracticeDetail" time="1.452"/>
  <testcase classname="com.zoetispets.Tests" name="PracticeDetail" time="0.638"/>
  <testcase classname="com.zoetispets.Tests" name="PracticeDetail" time="0.450"/>
  <testcase classname="com.zoetispets.Tests" name="PracticeDetail" time="0.383"/>
  <testcase classname="com.zoetispets.Tests" name="PracticeDetail" time="0.628"/>
  <testcase classname="com.zoetispets.Tests" name="PracticeDetail" time="0.563"/>
  <testcase classname="com.zoetispets.Tests" name="PracticeDetail" time="0.423"/>
  <testcase classname="com.zoetispets.Tests" name="PracticeDetail" time="0.245"/>
  <testcase classname="com.zoetispets.Tests" name="PracticeDetail" time="0.465"/>
  <testcase classname="com.zoetispets.Tests" name="PracticeDetail" time="1.027"/>
  <testcase classname="com.zoetispets.Tests" name="PracticeDetail" time="0.336"/>
  <testcase classname="com.zoetispets.Tests" name="PracticeDetail" time="1.255"/>
  <testcase classname="com.zoetispets.Tests" name="PracticeDetail" time="0.276"/>
  <testcase classname="com.zoetispets.Tests" name="PracticeDetail" time="0.420"/>
  <testcase classname="com.zoetispets.Tests" name="PracticeDetail" time="0.784"/>
  <testcase classname="com.zoetispets.Tests" name="PracticeDetail" time="0.257"/>
  <testcase classname="com.zoetispets.Tests" name="PracticeDetail" time="0.621"/>
  <testcase classname="com.zoetispets.Tests" name="PracticeDetail" time="0.271"/>
  <testcase classname="com.zoetispets.Tests" name="PracticeDetail" time="0.329"/>
  <testcase classname="com.zoetispets.Tests" name="PracticeDetail" time="0.273"/>
</testsuite> <!-- com.zoetispets.Tests -->
