<?xml version="1.0" encoding="UTF-8"?>
<!-- Generated by org.testng.reporters.JUnitReportReporter -->
<testsuite hostname="pkrvm7jw40e0xgp" failures="0" tests="30" name="com.zoetispets.Tests" time="19.061" errors="0" timestamp="2025-09-08T05:43:05 UTC" skipped="0">
  <testcase classname="com.zoetispets.Tests" name="PracticeDetail" time="0.599"/>
  <testcase classname="com.zoetispets.Tests" name="PracticeDetail" time="0.375"/>
  <testcase classname="com.zoetispets.Tests" name="PracticeDetail" time="0.309"/>
  <testcase classname="com.zoetispets.Tests" name="PracticeDetail" time="2.264"/>
  <testcase classname="com.zoetispets.Tests" name="PracticeDetail" time="0.866"/>
  <testcase classname="com.zoetispets.Tests" name="PracticeDetail" time="0.279"/>
  <testcase classname="com.zoetispets.Tests" name="PracticeDetail" time="1.813"/>
  <testcase classname="com.zoetispets.Tests" name="PracticeDetail" time="0.287"/>
  <testcase classname="com.zoetispets.Tests" name="PracticeDetail" time="0.746"/>
  <testcase classname="com.zoetispets.Tests" name="PracticeDetail" time="0.304"/>
  <testcase classname="com.zoetispets.Tests" name="PracticeDetail" time="0.758"/>
  <testcase classname="com.zoetispets.Tests" name="PracticeDetail" time="0.949"/>
  <testcase classname="com.zoetispets.Tests" name="PracticeDetail" time="0.956"/>
  <testcase classname="com.zoetispets.Tests" name="PracticeDetail" time="0.976"/>
  <testcase classname="com.zoetispets.Tests" name="PracticeDetail" time="0.368"/>
  <testcase classname="com.zoetispets.Tests" name="PracticeDetail" time="0.274"/>
  <testcase classname="com.zoetispets.Tests" name="PracticeDetail" time="0.787"/>
  <testcase classname="com.zoetispets.Tests" name="PracticeDetail" time="0.513"/>
  <testcase classname="com.zoetispets.Tests" name="PracticeDetail" time="0.549"/>
  <testcase classname="com.zoetispets.Tests" name="PracticeDetail" time="0.380"/>
  <testcase classname="com.zoetispets.Tests" name="PracticeDetail" time="0.463"/>
  <testcase classname="com.zoetispets.Tests" name="PracticeDetail" time="0.844"/>
  <testcase classname="com.zoetispets.Tests" name="PracticeDetail" time="0.278"/>
  <testcase classname="com.zoetispets.Tests" name="PracticeDetail" time="0.278"/>
  <testcase classname="com.zoetispets.Tests" name="PracticeDetail" time="0.315"/>
  <testcase classname="com.zoetispets.Tests" name="PracticeDetail" time="0.871"/>
  <testcase classname="com.zoetispets.Tests" name="PracticeDetail" time="0.397"/>
  <testcase classname="com.zoetispets.Tests" name="PracticeDetail" time="0.370"/>
  <testcase classname="com.zoetispets.Tests" name="PracticeDetail" time="0.372"/>
  <testcase classname="com.zoetispets.Tests" name="PracticeDetail" time="0.521"/>
</testsuite> <!-- com.zoetispets.Tests -->
