<?xml version="1.0" encoding="UTF-8"?>
<!-- Generated by org.testng.reporters.JUnitReportReporter -->
<testsuite hostname="pkrvmccyg1gnepe" failures="0" tests="30" name="com.zoetispets.Tests" time="16.509" errors="0" timestamp="2025-09-02T05:44:10 UTC" skipped="0">
  <testcase classname="com.zoetispets.Tests" name="PracticeDetail" time="0.352"/>
  <testcase classname="com.zoetispets.Tests" name="PracticeDetail" time="0.274"/>
  <testcase classname="com.zoetispets.Tests" name="PracticeDetail" time="0.852"/>
  <testcase classname="com.zoetispets.Tests" name="PracticeDetail" time="0.826"/>
  <testcase classname="com.zoetispets.Tests" name="PracticeDetail" time="0.569"/>
  <testcase classname="com.zoetispets.Tests" name="PracticeDetail" time="0.799"/>
  <testcase classname="com.zoetispets.Tests" name="PracticeDetail" time="0.288"/>
  <testcase classname="com.zoetispets.Tests" name="PracticeDetail" time="0.818"/>
  <testcase classname="com.zoetispets.Tests" name="PracticeDetail" time="0.517"/>
  <testcase classname="com.zoetispets.Tests" name="PracticeDetail" time="0.497"/>
  <testcase classname="com.zoetispets.Tests" name="PracticeDetail" time="1.323"/>
  <testcase classname="com.zoetispets.Tests" name="PracticeDetail" time="0.337"/>
  <testcase classname="com.zoetispets.Tests" name="PracticeDetail" time="0.784"/>
  <testcase classname="com.zoetispets.Tests" name="PracticeDetail" time="1.231"/>
  <testcase classname="com.zoetispets.Tests" name="PracticeDetail" time="0.896"/>
  <testcase classname="com.zoetispets.Tests" name="PracticeDetail" time="0.358"/>
  <testcase classname="com.zoetispets.Tests" name="PracticeDetail" time="0.324"/>
  <testcase classname="com.zoetispets.Tests" name="PracticeDetail" time="0.446"/>
  <testcase classname="com.zoetispets.Tests" name="PracticeDetail" time="0.306"/>
  <testcase classname="com.zoetispets.Tests" name="PracticeDetail" time="0.799"/>
  <testcase classname="com.zoetispets.Tests" name="PracticeDetail" time="0.449"/>
  <testcase classname="com.zoetispets.Tests" name="PracticeDetail" time="0.548"/>
  <testcase classname="com.zoetispets.Tests" name="PracticeDetail" time="0.360"/>
  <testcase classname="com.zoetispets.Tests" name="PracticeDetail" time="0.523"/>
  <testcase classname="com.zoetispets.Tests" name="PracticeDetail" time="0.323"/>
  <testcase classname="com.zoetispets.Tests" name="PracticeDetail" time="0.314"/>
  <testcase classname="com.zoetispets.Tests" name="PracticeDetail" time="0.357"/>
  <testcase classname="com.zoetispets.Tests" name="PracticeDetail" time="0.415"/>
  <testcase classname="com.zoetispets.Tests" name="PracticeDetail" time="0.289"/>
  <testcase classname="com.zoetispets.Tests" name="PracticeDetail" time="0.335"/>
</testsuite> <!-- com.zoetispets.Tests -->
