<?xml version="1.0" encoding="UTF-8"?>
<!-- Generated by org.testng.reporters.JUnitReportReporter -->
<testsuite hostname="runnervmf4ws1" failures="0" tests="30" name="com.zoetispets.Tests" time="17.131" errors="0" timestamp="2025-09-11T05:42:13 UTC" skipped="0">
  <testcase classname="com.zoetispets.Tests" name="PracticeDetail" time="0.428"/>
  <testcase classname="com.zoetispets.Tests" name="PracticeDetail" time="0.505"/>
  <testcase classname="com.zoetispets.Tests" name="PracticeDetail" time="0.513"/>
  <testcase classname="com.zoetispets.Tests" name="PracticeDetail" time="0.600"/>
  <testcase classname="com.zoetispets.Tests" name="PracticeDetail" time="0.348"/>
  <testcase classname="com.zoetispets.Tests" name="PracticeDetail" time="0.353"/>
  <testcase classname="com.zoetispets.Tests" name="PracticeDetail" time="0.309"/>
  <testcase classname="com.zoetispets.Tests" name="PracticeDetail" time="0.474"/>
  <testcase classname="com.zoetispets.Tests" name="PracticeDetail" time="0.369"/>
  <testcase classname="com.zoetispets.Tests" name="PracticeDetail" time="0.329"/>
  <testcase classname="com.zoetispets.Tests" name="PracticeDetail" time="0.799"/>
  <testcase classname="com.zoetispets.Tests" name="PracticeDetail" time="1.315"/>
  <testcase classname="com.zoetispets.Tests" name="PracticeDetail" time="0.910"/>
  <testcase classname="com.zoetispets.Tests" name="PracticeDetail" time="0.812"/>
  <testcase classname="com.zoetispets.Tests" name="PracticeDetail" time="0.304"/>
  <testcase classname="com.zoetispets.Tests" name="PracticeDetail" time="0.430"/>
  <testcase classname="com.zoetispets.Tests" name="PracticeDetail" time="0.297"/>
  <testcase classname="com.zoetispets.Tests" name="PracticeDetail" time="1.802"/>
  <testcase classname="com.zoetispets.Tests" name="PracticeDetail" time="1.030"/>
  <testcase classname="com.zoetispets.Tests" name="PracticeDetail" time="0.830"/>
  <testcase classname="com.zoetispets.Tests" name="PracticeDetail" time="0.289"/>
  <testcase classname="com.zoetispets.Tests" name="PracticeDetail" time="0.547"/>
  <testcase classname="com.zoetispets.Tests" name="PracticeDetail" time="0.322"/>
  <testcase classname="com.zoetispets.Tests" name="PracticeDetail" time="0.503"/>
  <testcase classname="com.zoetispets.Tests" name="PracticeDetail" time="0.433"/>
  <testcase classname="com.zoetispets.Tests" name="PracticeDetail" time="0.353"/>
  <testcase classname="com.zoetispets.Tests" name="PracticeDetail" time="0.973"/>
  <testcase classname="com.zoetispets.Tests" name="PracticeDetail" time="0.307"/>
  <testcase classname="com.zoetispets.Tests" name="PracticeDetail" time="0.345"/>
  <testcase classname="com.zoetispets.Tests" name="PracticeDetail" time="0.302"/>
</testsuite> <!-- com.zoetispets.Tests -->
