<?xml version="1.0" encoding="UTF-8"?>
<!-- Generated by org.testng.reporters.JUnitReportReporter -->
<testsuite hostname="pkrvmsl9tci6h6u" failures="0" tests="10" name="com.zoetispets.Tests" time="4.106" errors="0" timestamp="2025-08-14T12:59:13 UTC" skipped="0">
  <testcase classname="com.zoetispets.Tests" name="PracticeDetail" time="1.655"/>
  <testcase classname="com.zoetispets.Tests" name="PracticeDetail" time="0.254"/>
  <testcase classname="com.zoetispets.Tests" name="PracticeDetail" time="0.263"/>
  <testcase classname="com.zoetispets.Tests" name="PracticeDetail" time="0.264"/>
  <testcase classname="com.zoetispets.Tests" name="PracticeDetail" time="0.268"/>
  <testcase classname="com.zoetispets.Tests" name="PracticeDetail" time="0.328"/>
  <testcase classname="com.zoetispets.Tests" name="PracticeDetail" time="0.259"/>
  <testcase classname="com.zoetispets.Tests" name="PracticeDetail" time="0.305"/>
  <testcase classname="com.zoetispets.Tests" name="PracticeDetail" time="0.261"/>
  <testcase classname="com.zoetispets.Tests" name="PracticeDetail" time="0.249"/>
</testsuite> <!-- com.zoetispets.Tests -->
